/data/data/com.termux/files/home/index.js:556
===============
^^^

SyntaxError: Unexpected token '==='
    at wrapSafe (node:internal/modules/cjs/loader:1806:18)
    at Module._compile (node:internal/modules/cjs/loader:1847:20)
    at Module._extensions..js (node:internal/modules/cjs/loader:2013:10)
    at Module.load (node:internal/modules/cjs/loader:1596:32)
    at Module._load (node:internal/modules/cjs/loader:1398:12)
    at Object.<anonymous> (/data/data/com.termux/files/usr/lib/node_modules/pm2/lib/ProcessContainerFork.js:32:23)
    at Module._compile (node:internal/modules/cjs/loader:1873:14)
    at Module._extensions..js (node:internal/modules/cjs/loader:2013:10)
    at Module.load (node:internal/modules/cjs/loader:1596:32)
    at Module._load (node:internal/modules/cjs/loader:1398:12)
/data/data/com.termux/files/home/index.js:556
===============
^^^

SyntaxError: Unexpected token '==='
    at wrapSafe (node:internal/modules/cjs/loader:1806:18)
    at Module._compile (node:internal/modules/cjs/loader:1847:20)
    at Module._extensions..js (node:internal/modules/cjs/loader:2013:10)
    at Module.load (node:internal/modules/cjs/loader:1596:32)
    at Module._load (node:internal/modules/cjs/loader:1398:12)
    at Object.<anonymous> (/data/data/com.termux/files/usr/lib/node_modules/pm2/lib/ProcessContainerFork.js:32:23)
    at Module._compile (node:internal/modules/cjs/loader:1873:14)
    at Module._extensions..js (node:internal/modules/cjs/loader:2013:10)
    at Module.load (node:internal/modules/cjs/loader:1596:32)
    at Module._load (node:internal/modules/cjs/loader:1398:12)
/data/data/com.termux/files/home/index.js:556
===============
^^^

SyntaxError: Unexpected token '==='
    at wrapSafe (node:internal/modules/cjs/loader:1806:18)
    at Module._compile (node:internal/modules/cjs/loader:1847:20)
    at Module._extensions..js (node:internal/modules/cjs/loader:2013:10)
    at Module.load (node:internal/modules/cjs/loader:1596:32)
    at Module._load (node:internal/modules/cjs/loader:1398:12)
    at Object.<anonymous> (/data/data/com.termux/files/usr/lib/node_modules/pm2/lib/ProcessContainerFork.js:32:23)
    at Module._compile (node:internal/modules/cjs/loader:1873:14)
    at Module._extensions..js (node:internal/modules/cjs/loader:2013:10)
    at Module.load (node:internal/modules/cjs/loader:1596:32)
    at Module._load (node:internal/modules/cjs/loader:1398:12)
/data/data/com.termux/files/home/index.js:556
===============
^^^

SyntaxError: Unexpected token '==='
    at wrapSafe (node:internal/modules/cjs/loader:1806:18)
    at Module._compile (node:internal/modules/cjs/loader:1847:20)
    at Module._extensions..js (node:internal/modules/cjs/loader:2013:10)
    at Module.load (node:internal/modules/cjs/loader:1596:32)
    at Module._load (node:internal/modules/cjs/loader:1398:12)
    at Object.<anonymous> (/data/data/com.termux/files/usr/lib/node_modules/pm2/lib/ProcessContainerFork.js:32:23)
    at Module._compile (node:internal/modules/cjs/loader:1873:14)
    at Module._extensions..js (node:internal/modules/cjs/loader:2013:10)
    at Module.load (node:internal/modules/cjs/loader:1596:32)
    at Module._load (node:internal/modules/cjs/loader:1398:12)
/data/data/com.termux/files/home/index.js:556
===============
^^^

SyntaxError: Unexpected token '==='
    at wrapSafe (node:internal/modules/cjs/loader:1806:18)
    at Module._compile (node:internal/modules/cjs/loader:1847:20)
    at Module._extensions..js (node:internal/modules/cjs/loader:2013:10)
    at Module.load (node:internal/modules/cjs/loader:1596:32)
    at Module._load (node:internal/modules/cjs/loader:1398:12)
    at Object.<anonymous> (/data/data/com.termux/files/usr/lib/node_modules/pm2/lib/ProcessContainerFork.js:32:23)
    at Module._compile (node:internal/modules/cjs/loader:1873:14)
    at Module._extensions..js (node:internal/modules/cjs/loader:2013:10)
    at Module.load (node:internal/modules/cjs/loader:1596:32)
    at Module._load (node:internal/modules/cjs/loader:1398:12)
/data/data/com.termux/files/home/index.js:556
===============
^^^

SyntaxError: Unexpected token '==='
    at wrapSafe (node:internal/modules/cjs/loader:1806:18)
    at Module._compile (node:internal/modules/cjs/loader:1847:20)
    at Module._extensions..js (node:internal/modules/cjs/loader:2013:10)
    at Module.load (node:internal/modules/cjs/loader:1596:32)
    at Module._load (node:internal/modules/cjs/loader:1398:12)
    at Object.<anonymous> (/data/data/com.termux/files/usr/lib/node_modules/pm2/lib/ProcessContainerFork.js:32:23)
    at Module._compile (node:internal/modules/cjs/loader:1873:14)
    at Module._extensions..js (node:internal/modules/cjs/loader:2013:10)
    at Module.load (node:internal/modules/cjs/loader:1596:32)
    at Module._load (node:internal/modules/cjs/loader:1398:12)
/data/data/com.termux/files/home/index.js:556
===============
^^^

SyntaxError: Unexpected token '==='
    at wrapSafe (node:internal/modules/cjs/loader:1806:18)
    at Module._compile (node:internal/modules/cjs/loader:1847:20)
    at Module._extensions..js (node:internal/modules/cjs/loader:2013:10)
    at Module.load (node:internal/modules/cjs/loader:1596:32)
    at Module._load (node:internal/modules/cjs/loader:1398:12)
    at Object.<anonymous> (/data/data/com.termux/files/usr/lib/node_modules/pm2/lib/ProcessContainerFork.js:32:23)
    at Module._compile (node:internal/modules/cjs/loader:1873:14)
    at Module._extensions..js (node:internal/modules/cjs/loader:2013:10)
    at Module.load (node:internal/modules/cjs/loader:1596:32)
    at Module._load (node:internal/modules/cjs/loader:1398:12)
/data/data/com.termux/files/home/index.js:556
===============
^^^

SyntaxError: Unexpected token '==='
    at wrapSafe (node:internal/modules/cjs/loader:1806:18)
    at Module._compile (node:internal/modules/cjs/loader:1847:20)
    at Module._extensions..js (node:internal/modules/cjs/loader:2013:10)
    at Module.load (node:internal/modules/cjs/loader:1596:32)
    at Module._load (node:internal/modules/cjs/loader:1398:12)
    at Object.<anonymous> (/data/data/com.termux/files/usr/lib/node_modules/pm2/lib/ProcessContainerFork.js:32:23)
    at Module._compile (node:internal/modules/cjs/loader:1873:14)
    at Module._extensions..js (node:internal/modules/cjs/loader:2013:10)
    at Module.load (node:internal/modules/cjs/loader:1596:32)
    at Module._load (node:internal/modules/cjs/loader:1398:12)
/data/data/com.termux/files/home/index.js:556
===============
^^^

SyntaxError: Unexpected token '==='
    at wrapSafe (node:internal/modules/cjs/loader:1806:18)
    at Module._compile (node:internal/modules/cjs/loader:1847:20)
    at Module._extensions..js (node:internal/modules/cjs/loader:2013:10)
    at Module.load (node:internal/modules/cjs/loader:1596:32)
    at Module._load (node:internal/modules/cjs/loader:1398:12)
    at Object.<anonymous> (/data/data/com.termux/files/usr/lib/node_modules/pm2/lib/ProcessContainerFork.js:32:23)
    at Module._compile (node:internal/modules/cjs/loader:1873:14)
    at Module._extensions..js (node:internal/modules/cjs/loader:2013:10)
    at Module.load (node:internal/modules/cjs/loader:1596:32)
    at Module._load (node:internal/modules/cjs/loader:1398:12)
/data/data/com.termux/files/home/index.js:556
===============
^^^

SyntaxError: Unexpected token '==='
    at wrapSafe (node:internal/modules/cjs/loader:1806:18)
    at Module._compile (node:internal/modules/cjs/loader:1847:20)
    at Module._extensions..js (node:internal/modules/cjs/loader:2013:10)
    at Module.load (node:internal/modules/cjs/loader:1596:32)
    at Module._load (node:internal/modules/cjs/loader:1398:12)
    at Object.<anonymous> (/data/data/com.termux/files/usr/lib/node_modules/pm2/lib/ProcessContainerFork.js:32:23)
    at Module._compile (node:internal/modules/cjs/loader:1873:14)
    at Module._extensions..js (node:internal/modules/cjs/loader:2013:10)
    at Module.load (node:internal/modules/cjs/loader:1596:32)
    at Module._load (node:internal/modules/cjs/loader:1398:12)
/data/data/com.termux/files/home/index.js:556
===============
^^^

SyntaxError: Unexpected token '==='
    at wrapSafe (node:internal/modules/cjs/loader:1806:18)
    at Module._compile (node:internal/modules/cjs/loader:1847:20)
    at Module._extensions..js (node:internal/modules/cjs/loader:2013:10)
    at Module.load (node:internal/modules/cjs/loader:1596:32)
    at Module._load (node:internal/modules/cjs/loader:1398:12)
    at Object.<anonymous> (/data/data/com.termux/files/usr/lib/node_modules/pm2/lib/ProcessContainerFork.js:32:23)
    at Module._compile (node:internal/modules/cjs/loader:1873:14)
    at Module._extensions..js (node:internal/modules/cjs/loader:2013:10)
    at Module.load (node:internal/modules/cjs/loader:1596:32)
    at Module._load (node:internal/modules/cjs/loader:1398:12)
/data/data/com.termux/files/home/index.js:556
===============
^^^

SyntaxError: Unexpected token '==='
    at wrapSafe (node:internal/modules/cjs/loader:1806:18)
    at Module._compile (node:internal/modules/cjs/loader:1847:20)
    at Module._extensions..js (node:internal/modules/cjs/loader:2013:10)
    at Module.load (node:internal/modules/cjs/loader:1596:32)
    at Module._load (node:internal/modules/cjs/loader:1398:12)
    at Object.<anonymous> (/data/data/com.termux/files/usr/lib/node_modules/pm2/lib/ProcessContainerFork.js:32:23)
    at Module._compile (node:internal/modules/cjs/loader:1873:14)
    at Module._extensions..js (node:internal/modules/cjs/loader:2013:10)
    at Module.load (node:internal/modules/cjs/loader:1596:32)
    at Module._load (node:internal/modules/cjs/loader:1398:12)
/data/data/com.termux/files/home/index.js:556
===============
^^^

SyntaxError: Unexpected token '==='
    at wrapSafe (node:internal/modules/cjs/loader:1806:18)
    at Module._compile (node:internal/modules/cjs/loader:1847:20)
    at Module._extensions..js (node:internal/modules/cjs/loader:2013:10)
    at Module.load (node:internal/modules/cjs/loader:1596:32)
    at Module._load (node:internal/modules/cjs/loader:1398:12)
    at Object.<anonymous> (/data/data/com.termux/files/usr/lib/node_modules/pm2/lib/ProcessContainerFork.js:32:23)
    at Module._compile (node:internal/modules/cjs/loader:1873:14)
    at Module._extensions..js (node:internal/modules/cjs/loader:2013:10)
    at Module.load (node:internal/modules/cjs/loader:1596:32)
    at Module._load (node:internal/modules/cjs/loader:1398:12)
/data/data/com.termux/files/home/index.js:556
===============
^^^

SyntaxError: Unexpected token '==='
    at wrapSafe (node:internal/modules/cjs/loader:1806:18)
    at Module._compile (node:internal/modules/cjs/loader:1847:20)
    at Module._extensions..js (node:internal/modules/cjs/loader:2013:10)
    at Module.load (node:internal/modules/cjs/loader:1596:32)
    at Module._load (node:internal/modules/cjs/loader:1398:12)
    at Object.<anonymous> (/data/data/com.termux/files/usr/lib/node_modules/pm2/lib/ProcessContainerFork.js:32:23)
    at Module._compile (node:internal/modules/cjs/loader:1873:14)
    at Module._extensions..js (node:internal/modules/cjs/loader:2013:10)
    at Module.load (node:internal/modules/cjs/loader:1596:32)
    at Module._load (node:internal/modules/cjs/loader:1398:12)
/data/data/com.termux/files/home/index.js:556
===============
^^^

SyntaxError: Unexpected token '==='
    at wrapSafe (node:internal/modules/cjs/loader:1806:18)
    at Module._compile (node:internal/modules/cjs/loader:1847:20)
    at Module._extensions..js (node:internal/modules/cjs/loader:2013:10)
    at Module.load (node:internal/modules/cjs/loader:1596:32)
    at Module._load (node:internal/modules/cjs/loader:1398:12)
    at Object.<anonymous> (/data/data/com.termux/files/usr/lib/node_modules/pm2/lib/ProcessContainerFork.js:32:23)
    at Module._compile (node:internal/modules/cjs/loader:1873:14)
    at Module._extensions..js (node:internal/modules/cjs/loader:2013:10)
    at Module.load (node:internal/modules/cjs/loader:1596:32)
    at Module._load (node:internal/modules/cjs/loader:1398:12)
/data/data/com.termux/files/home/index.js:556
===============
^^^

SyntaxError: Unexpected token '==='
    at wrapSafe (node:internal/modules/cjs/loader:1806:18)
    at Module._compile (node:internal/modules/cjs/loader:1847:20)
    at Module._extensions..js (node:internal/modules/cjs/loader:2013:10)
    at Module.load (node:internal/modules/cjs/loader:1596:32)
    at Module._load (node:internal/modules/cjs/loader:1398:12)
    at Object.<anonymous> (/data/data/com.termux/files/usr/lib/node_modules/pm2/lib/ProcessContainerFork.js:32:23)
    at Module._compile (node:internal/modules/cjs/loader:1873:14)
    at Module._extensions..js (node:internal/modules/cjs/loader:2013:10)
    at Module.load (node:internal/modules/cjs/loader:1596:32)
    at Module._load (node:internal/modules/cjs/loader:1398:12)
