0 verbose cli /data/data/com.termux/files/usr/bin/node /data/data/com.termux/files/usr/bin/npm
1 info using npm@11.16.0
2 info using node@v26.2.0
3 silly config load:file:/data/data/com.termux/files/usr/lib/node_modules/npm/npmrc
4 silly config load:file:/data/data/com.termux/files/home/.npmrc
5 silly config load:file:/data/data/com.termux/files/usr/etc/npmrc
6 verbose title npm install node-telegram-bot-api express dotenv
7 verbose argv "install" "node-telegram-bot-api" "express" "dotenv"
8 verbose logfile logs-max:10 dir:/data/data/com.termux/files/home/.npm/_logs/2026-06-08T14_42_42_928Z-
9 verbose logfile /data/data/com.termux/files/home/.npm/_logs/2026-06-08T14_42_42_928Z-debug-0.log
10 silly logfile start cleaning logs, removing 1 files
11 silly logfile done cleaning log files
12 silly packumentCache heap:1174405120 maxSize:293601280 maxEntrySize:146800640
13 silly idealTree buildDeps
14 silly fetch manifest node-telegram-bot-api@^0.67.0
15 silly packumentCache full:https://registry.npmjs.org/node-telegram-bot-api cache-miss
16 http fetch GET 200 https://registry.npmjs.org/node-telegram-bot-api 1640ms (cache updated)
17 silly packumentCache full:https://registry.npmjs.org/node-telegram-bot-api set size:undefined disposed:false
18 silly fetch manifest express@*
19 silly packumentCache full:https://registry.npmjs.org/express cache-miss
20 http fetch GET 200 https://registry.npmjs.org/express 261ms (cache revalidated)
21 silly packumentCache full:https://registry.npmjs.org/express set size:804947 disposed:false
22 silly fetch manifest dotenv@*
23 silly packumentCache full:https://registry.npmjs.org/dotenv cache-miss
24 http fetch GET 200 https://registry.npmjs.org/dotenv 260ms (cache revalidated)
25 silly packumentCache full:https://registry.npmjs.org/dotenv set size:277832 disposed:false
26 silly placeDep ROOT dotenv@17.4.2 OK for: home@1.0.0 want: *
27 silly placeDep ROOT express@5.2.1 OK for: home@1.0.0 want: *
28 silly placeDep ROOT node-telegram-bot-api@0.67.0 REPLACE for: home@1.0.0 want: ^0.67.0
29 silly fetch manifest depd@^2.0.0
30 silly packumentCache full:https://registry.npmjs.org/depd cache-miss
31 silly fetch manifest etag@^1.8.1
32 silly packumentCache full:https://registry.npmjs.org/etag cache-miss
33 silly fetch manifest send@^1.1.0
34 silly packumentCache full:https://registry.npmjs.org/send cache-miss
35 silly fetch manifest vary@^1.1.2
36 silly packumentCache full:https://registry.npmjs.org/vary cache-miss
37 silly fetch manifest debug@^4.4.0
38 silly packumentCache full:https://registry.npmjs.org/debug cache-miss
39 silly fetch manifest fresh@^2.0.0
40 silly packumentCache full:https://registry.npmjs.org/fresh cache-miss
41 silly fetch manifest cookie@^0.7.1
42 silly packumentCache full:https://registry.npmjs.org/cookie cache-miss
43 http fetch GET 200 https://registry.npmjs.org/depd 298ms (cache revalidated)
44 silly packumentCache full:https://registry.npmjs.org/depd set size:40182 disposed:false
45 silly fetch manifest router@^2.2.0
46 silly packumentCache full:https://registry.npmjs.org/router cache-miss
47 http fetch GET 200 https://registry.npmjs.org/router 414ms (cache revalidated)
48 silly packumentCache full:https://registry.npmjs.org/router set size:116499 disposed:false
49 silly fetch manifest accepts@^2.0.0
50 silly packumentCache full:https://registry.npmjs.org/accepts cache-miss
51 http fetch GET 200 https://registry.npmjs.org/cookie 879ms (cache revalidated)
52 silly packumentCache full:https://registry.npmjs.org/cookie set size:72891 disposed:false
53 silly fetch manifest type-is@^2.0.1
54 silly packumentCache full:https://registry.npmjs.org/type-is cache-miss
55 http fetch GET 200 https://registry.npmjs.org/send 927ms (cache revalidated)
56 silly packumentCache full:https://registry.npmjs.org/send set size:152810 disposed:false
57 silly fetch manifest parseurl@^1.3.3
58 silly packumentCache full:https://registry.npmjs.org/parseurl cache-miss
59 http fetch GET 200 https://registry.npmjs.org/vary 945ms (cache revalidated)
60 silly packumentCache full:https://registry.npmjs.org/vary set size:15994 disposed:false
61 silly fetch manifest statuses@^2.0.1
62 silly packumentCache full:https://registry.npmjs.org/statuses cache-miss
63 http fetch GET 200 https://registry.npmjs.org/fresh 975ms (cache revalidated)
64 silly packumentCache full:https://registry.npmjs.org/fresh set size:25427 disposed:false
65 silly fetch manifest encodeurl@^2.0.0
66 silly packumentCache full:https://registry.npmjs.org/encodeurl cache-miss
67 http fetch GET 200 https://registry.npmjs.org/etag 1041ms (cache revalidated)
68 silly packumentCache full:https://registry.npmjs.org/etag set size:30032 disposed:false
69 silly fetch manifest mime-types@^3.0.0
70 silly packumentCache full:https://registry.npmjs.org/mime-types cache-miss
71 http fetch GET 200 https://registry.npmjs.org/accepts 316ms (cache revalidated)
72 silly packumentCache full:https://registry.npmjs.org/accepts set size:77054 disposed:false
73 silly fetch manifest proxy-addr@^2.0.7
74 silly packumentCache full:https://registry.npmjs.org/proxy-addr cache-miss
75 http fetch GET 200 https://registry.npmjs.org/debug 1082ms (cache revalidated)
76 silly packumentCache full:https://registry.npmjs.org/debug set size:195840 disposed:false
77 silly fetch manifest body-parser@^2.2.1
78 silly packumentCache full:https://registry.npmjs.org/body-parser cache-miss
79 http fetch GET 200 https://registry.npmjs.org/parseurl 237ms (cache revalidated)
80 silly packumentCache full:https://registry.npmjs.org/parseurl set size:24148 disposed:false
81 silly fetch manifest escape-html@^1.0.3
82 silly packumentCache full:https://registry.npmjs.org/escape-html cache-miss
83 http fetch GET 200 https://registry.npmjs.org/statuses 244ms (cache revalidated)
84 silly packumentCache full:https://registry.npmjs.org/statuses set size:37117 disposed:false
85 silly fetch manifest http-errors@^2.0.0
86 silly packumentCache full:https://registry.npmjs.org/http-errors cache-miss
87 http fetch GET 200 https://registry.npmjs.org/encodeurl 400ms (cache revalidated)
88 silly packumentCache full:https://registry.npmjs.org/encodeurl set size:12296 disposed:false
89 silly fetch manifest on-finished@^2.4.1
90 silly packumentCache full:https://registry.npmjs.org/on-finished cache-miss
91 http fetch GET 200 https://registry.npmjs.org/body-parser 288ms (cache revalidated)
92 silly packumentCache full:https://registry.npmjs.org/body-parser set size:199299 disposed:false
93 silly fetch manifest content-type@^1.0.5
94 silly packumentCache full:https://registry.npmjs.org/content-type cache-miss
95 http fetch GET 200 https://registry.npmjs.org/mime-types 368ms (cache revalidated)
96 silly packumentCache full:https://registry.npmjs.org/mime-types set size:139110 disposed:false
97 silly fetch manifest finalhandler@^2.1.0
98 silly packumentCache full:https://registry.npmjs.org/finalhandler cache-miss
99 http fetch GET 200 https://registry.npmjs.org/proxy-addr 359ms (cache revalidated)
100 silly packumentCache full:https://registry.npmjs.org/proxy-addr set size:61619 disposed:false
101 silly fetch manifest range-parser@^1.2.1
102 silly packumentCache full:https://registry.npmjs.org/range-parser cache-miss
103 http fetch GET 200 https://registry.npmjs.org/escape-html 326ms (cache revalidated)
104 silly packumentCache full:https://registry.npmjs.org/escape-html set size:7345 disposed:false
105 silly fetch manifest serve-static@^2.2.0
106 silly packumentCache full:https://registry.npmjs.org/serve-static cache-miss
107 http fetch GET 200 https://registry.npmjs.org/http-errors 318ms (cache revalidated)
108 silly packumentCache full:https://registry.npmjs.org/http-errors set size:71987 disposed:false
109 silly fetch manifest cookie-signature@^1.2.1
110 silly packumentCache full:https://registry.npmjs.org/cookie-signature cache-miss
111 http fetch GET 200 https://registry.npmjs.org/range-parser 244ms (cache revalidated)
112 silly packumentCache full:https://registry.npmjs.org/range-parser set size:22228 disposed:false
113 silly fetch manifest merge-descriptors@^2.0.0
114 silly packumentCache full:https://registry.npmjs.org/merge-descriptors cache-miss
115 http fetch GET 200 https://registry.npmjs.org/type-is 764ms (cache revalidated)
116 silly packumentCache full:https://registry.npmjs.org/type-is set size:88614 disposed:false
117 silly fetch manifest content-disposition@^1.0.0
118 silly packumentCache full:https://registry.npmjs.org/content-disposition cache-miss
119 http fetch GET 200 https://registry.npmjs.org/on-finished 309ms (cache revalidated)
120 silly packumentCache full:https://registry.npmjs.org/on-finished set size:23212 disposed:false
121 http fetch GET 200 https://registry.npmjs.org/finalhandler 285ms (cache revalidated)
122 silly packumentCache full:https://registry.npmjs.org/finalhandler set size:79291 disposed:false
123 http fetch GET 200 https://registry.npmjs.org/content-type 322ms (cache revalidated)
124 silly packumentCache full:https://registry.npmjs.org/content-type set size:18994 disposed:false
125 http fetch GET 200 https://registry.npmjs.org/cookie-signature 226ms (cache revalidated)
126 silly packumentCache full:https://registry.npmjs.org/cookie-signature set size:21777 disposed:false
127 http fetch GET 200 https://registry.npmjs.org/serve-static 241ms (cache revalidated)
128 silly packumentCache full:https://registry.npmjs.org/serve-static set size:150391 disposed:false
129 http fetch GET 200 https://registry.npmjs.org/content-disposition 240ms (cache revalidated)
130 silly packumentCache full:https://registry.npmjs.org/content-disposition set size:42862 disposed:false
131 http fetch GET 200 https://registry.npmjs.org/merge-descriptors 258ms (cache revalidated)
132 silly packumentCache full:https://registry.npmjs.org/merge-descriptors set size:16527 disposed:false
133 silly placeDep ROOT accepts@2.0.0 OK for: express@5.2.1 want: ^2.0.0
134 silly placeDep ROOT body-parser@2.2.2 OK for: express@5.2.1 want: ^2.2.1
135 silly placeDep ROOT content-disposition@1.1.0 OK for: express@5.2.1 want: ^1.0.0
136 silly placeDep ROOT content-type@1.0.5 OK for: express@5.2.1 want: ^1.0.5
137 silly placeDep ROOT cookie@0.7.2 OK for: express@5.2.1 want: ^0.7.1
138 silly placeDep ROOT cookie-signature@1.2.2 OK for: express@5.2.1 want: ^1.2.1
139 silly placeDep node_modules/express debug@4.4.3 OK for: express@5.2.1 want: ^4.4.0
140 silly placeDep ROOT depd@2.0.0 OK for: express@5.2.1 want: ^2.0.0
141 silly placeDep ROOT encodeurl@2.0.0 OK for: express@5.2.1 want: ^2.0.0
142 silly placeDep ROOT escape-html@1.0.3 OK for: express@5.2.1 want: ^1.0.3
143 silly placeDep ROOT etag@1.8.1 OK for: express@5.2.1 want: ^1.8.1
144 silly placeDep ROOT finalhandler@2.1.1 OK for: express@5.2.1 want: ^2.1.0
145 silly placeDep ROOT fresh@2.0.0 OK for: express@5.2.1 want: ^2.0.0
146 silly placeDep ROOT http-errors@2.0.1 OK for: express@5.2.1 want: ^2.0.0
147 silly placeDep ROOT merge-descriptors@2.0.0 OK for: express@5.2.1 want: ^2.0.0
148 silly placeDep node_modules/express mime-types@3.0.2 OK for: express@5.2.1 want: ^3.0.0
149 silly placeDep ROOT on-finished@2.4.1 OK for: express@5.2.1 want: ^2.4.1
150 silly placeDep ROOT parseurl@1.3.3 OK for: express@5.2.1 want: ^1.3.3
151 silly placeDep ROOT proxy-addr@2.0.7 OK for: express@5.2.1 want: ^2.0.7
152 silly placeDep ROOT range-parser@1.2.1 OK for: express@5.2.1 want: ^1.2.1
153 silly placeDep ROOT router@2.2.0 OK for: express@5.2.1 want: ^2.2.0
154 silly placeDep ROOT send@1.2.1 OK for: express@5.2.1 want: ^1.1.0
155 silly placeDep ROOT serve-static@2.2.1 OK for: express@5.2.1 want: ^2.2.0
156 silly placeDep ROOT statuses@2.0.2 OK for: express@5.2.1 want: ^2.0.1
157 silly placeDep ROOT type-is@2.1.0 OK for: express@5.2.1 want: ^2.0.1
158 silly placeDep ROOT vary@1.1.2 OK for: express@5.2.1 want: ^1.1.2
159 silly fetch manifest negotiator@^1.0.0
160 silly packumentCache full:https://registry.npmjs.org/negotiator cache-miss
161 silly fetch manifest bytes@^3.1.2
162 silly packumentCache full:https://registry.npmjs.org/bytes cache-miss
163 silly fetch manifest debug@^4.4.3
164 silly packumentCache full:https://registry.npmjs.org/debug cache-hit
165 silly fetch manifest raw-body@^3.0.1
166 silly packumentCache full:https://registry.npmjs.org/raw-body cache-miss
167 silly fetch manifest iconv-lite@^0.7.0
168 silly packumentCache full:https://registry.npmjs.org/iconv-lite cache-miss
169 silly fetch manifest setprototypeof@~1.2.0
170 silly packumentCache full:https://registry.npmjs.org/setprototypeof cache-miss
171 silly fetch manifest statuses@~2.0.2
172 silly packumentCache full:https://registry.npmjs.org/statuses cache-hit
173 silly fetch manifest toidentifier@~1.0.1
174 silly packumentCache full:https://registry.npmjs.org/toidentifier cache-miss
175 silly fetch manifest mime-db@^1.54.0
176 silly packumentCache full:https://registry.npmjs.org/mime-db cache-miss
177 http fetch GET 200 https://registry.npmjs.org/iconv-lite 265ms (cache revalidated)
178 silly packumentCache full:https://registry.npmjs.org/iconv-lite set size:120557 disposed:false
179 silly fetch manifest ee-first@1.1.1
180 silly packumentCache full:https://registry.npmjs.org/ee-first cache-miss
181 http fetch GET 200 https://registry.npmjs.org/setprototypeof 277ms (cache revalidated)
182 silly packumentCache full:https://registry.npmjs.org/setprototypeof set size:14532 disposed:false
183 silly fetch manifest forwarded@0.2.0
184 silly packumentCache full:https://registry.npmjs.org/forwarded cache-miss
185 http fetch GET 200 https://registry.npmjs.org/toidentifier 282ms (cache revalidated)
186 silly packumentCache full:https://registry.npmjs.org/toidentifier set size:12006 disposed:false
187 silly fetch manifest ipaddr.js@1.9.1
188 silly packumentCache full:https://registry.npmjs.org/ipaddr.js cache-miss
189 http fetch GET 200 https://registry.npmjs.org/mime-db 287ms (cache revalidated)
190 silly packumentCache full:https://registry.npmjs.org/mime-db set size:164953 disposed:false
191 silly fetch manifest is-promise@^4.0.0
192 silly packumentCache full:https://registry.npmjs.org/is-promise cache-miss
193 http fetch GET 200 https://registry.npmjs.org/negotiator 325ms (cache revalidated)
194 silly packumentCache full:https://registry.npmjs.org/negotiator set size:48046 disposed:false
195 silly fetch manifest path-to-regexp@^8.0.0
196 silly packumentCache full:https://registry.npmjs.org/path-to-regexp cache-miss
197 http fetch GET 200 https://registry.npmjs.org/raw-body 335ms (cache revalidated)
198 silly packumentCache full:https://registry.npmjs.org/raw-body set size:117822 disposed:false
199 silly fetch manifest mime-types@^3.0.2
200 silly packumentCache full:https://registry.npmjs.org/mime-types cache-hit
201 silly fetch manifest statuses@^2.0.2
202 silly packumentCache full:https://registry.npmjs.org/statuses cache-hit
203 silly fetch manifest content-type@^2.0.0
204 silly packumentCache full:https://registry.npmjs.org/content-type cache-hit
205 silly fetch manifest media-typer@^1.1.0
206 silly packumentCache full:https://registry.npmjs.org/media-typer cache-miss
207 http fetch GET 200 https://registry.npmjs.org/bytes 365ms (cache revalidated)
208 silly packumentCache full:https://registry.npmjs.org/bytes set size:37018 disposed:false
209 http fetch GET 200 https://registry.npmjs.org/forwarded 341ms (cache revalidated)
210 silly packumentCache full:https://registry.npmjs.org/forwarded set size:11229 disposed:false
211 http fetch GET 200 https://registry.npmjs.org/ee-first 357ms (cache revalidated)
212 silly packumentCache full:https://registry.npmjs.org/ee-first set size:15327 disposed:false
213 http fetch GET 200 https://registry.npmjs.org/ipaddr.js 343ms (cache revalidated)
214 silly packumentCache full:https://registry.npmjs.org/ipaddr.js set size:69563 disposed:false
215 http fetch GET 200 https://registry.npmjs.org/path-to-regexp 323ms (cache revalidated)
216 silly packumentCache full:https://registry.npmjs.org/path-to-regexp set size:216334 disposed:false
217 http fetch GET 200 https://registry.npmjs.org/media-typer 320ms (cache revalidated)
218 silly packumentCache full:https://registry.npmjs.org/media-typer set size:22678 disposed:false
219 http fetch GET 200 https://registry.npmjs.org/is-promise 364ms (cache revalidated)
220 silly packumentCache full:https://registry.npmjs.org/is-promise set size:18599 disposed:false
221 silly placeDep node_modules/accepts mime-types@3.0.2 OK for: accepts@2.0.0 want: ^3.0.0
222 silly placeDep ROOT negotiator@1.0.0 OK for: accepts@2.0.0 want: ^1.0.0
223 silly placeDep ROOT bytes@3.1.2 OK for: body-parser@2.2.2 want: ^3.1.2
224 silly placeDep node_modules/body-parser debug@4.4.3 OK for: body-parser@2.2.2 want: ^4.4.3
225 silly placeDep ROOT iconv-lite@0.7.2 OK for: body-parser@2.2.2 want: ^0.7.0
226 silly placeDep ROOT raw-body@3.0.2 OK for: body-parser@2.2.2 want: ^3.0.1
227 silly fetch manifest unpipe@~1.0.0
228 silly packumentCache full:https://registry.npmjs.org/unpipe cache-miss
229 http fetch GET 200 https://registry.npmjs.org/unpipe 279ms (cache revalidated)
230 silly packumentCache full:https://registry.npmjs.org/unpipe set size:3609 disposed:false
231 silly placeDep node_modules/finalhandler debug@4.4.3 OK for: finalhandler@2.1.1 want: ^4.4.0
232 silly placeDep ROOT setprototypeof@1.2.0 OK for: http-errors@2.0.1 want: ~1.2.0
233 silly placeDep ROOT toidentifier@1.0.1 OK for: http-errors@2.0.1 want: ~1.0.1
234 silly placeDep ROOT ee-first@1.1.1 OK for: on-finished@2.4.1 want: 1.1.1
235 silly placeDep ROOT forwarded@0.2.0 OK for: proxy-addr@2.0.7 want: 0.2.0
236 silly placeDep ROOT ipaddr.js@1.9.1 OK for: proxy-addr@2.0.7 want: 1.9.1
237 silly placeDep ROOT unpipe@1.0.0 OK for: raw-body@3.0.2 want: ~1.0.0
238 silly placeDep node_modules/router debug@4.4.3 OK for: router@2.2.0 want: ^4.4.0
239 silly placeDep ROOT is-promise@4.0.0 OK for: router@2.2.0 want: ^4.0.0
240 silly placeDep ROOT path-to-regexp@8.4.2 OK for: router@2.2.0 want: ^8.0.0
241 silly placeDep node_modules/send debug@4.4.3 OK for: send@1.2.1 want: ^4.4.3
242 silly placeDep node_modules/send mime-types@3.0.2 OK for: send@1.2.1 want: ^3.0.2
243 silly placeDep node_modules/type-is content-type@2.0.0 OK for: type-is@2.1.0 want: ^2.0.0
244 silly placeDep ROOT media-typer@1.1.0 OK for: type-is@2.1.0 want: ^1.1.0
245 silly placeDep node_modules/type-is mime-types@3.0.2 OK for: type-is@2.1.0 want: ^3.0.0
246 silly placeDep node_modules/accepts mime-db@1.54.0 OK for: mime-types@3.0.2 want: ^1.54.0
247 silly placeDep node_modules/express mime-db@1.54.0 OK for: mime-types@3.0.2 want: ^1.54.0
248 silly placeDep node_modules/send mime-db@1.54.0 OK for: mime-types@3.0.2 want: ^1.54.0
249 silly placeDep node_modules/type-is mime-db@1.54.0 OK for: mime-types@3.0.2 want: ^1.54.0
250 silly reify moves {}
251 silly audit bulk request {
251 silly audit   '@cypress/request': [ '3.0.10' ],
251 silly audit   '@cypress/request-promise': [ '5.0.0' ],
251 silly audit   'tough-cookie': [ '4.1.4', '2.5.0', '5.1.2' ],
251 silly audit   ajv: [ '6.15.0' ],
251 silly audit   'array-buffer-byte-length': [ '1.0.2' ],
251 silly audit   'array.prototype.findindex': [ '2.2.4' ],
251 silly audit   'arraybuffer.prototype.slice': [ '1.0.4' ],
251 silly audit   asn1: [ '0.2.6' ],
251 silly audit   'assert-plus': [ '1.0.0' ],
251 silly audit   'async-function': [ '1.0.0' ],
251 silly audit   asynckit: [ '0.4.0' ],
251 silly audit   'available-typed-arrays': [ '1.0.7' ],
251 silly audit   'aws-sign2': [ '0.7.0' ],
251 silly audit   aws4: [ '1.13.2' ],
251 silly audit   'bcrypt-pbkdf': [ '1.0.2' ],
251 silly audit   bl: [ '1.2.3' ],
251 silly audit   bluebird: [ '3.7.2' ],
251 silly audit   'call-bind': [ '1.0.9' ],
251 silly audit   'call-bind-apply-helpers': [ '1.0.2' ],
251 silly audit   'call-bound': [ '1.0.4' ],
251 silly audit   caseless: [ '0.12.0' ],
251 silly audit   'combined-stream': [ '1.0.8' ],
251 silly audit   'core-util-is': [ '1.0.3', '1.0.2' ],
251 silly audit   dashdash: [ '1.14.1' ],
251 silly audit   'data-view-buffer': [ '1.0.2' ],
251 silly audit   'data-view-byte-length': [ '1.0.2' ],
251 silly audit   'data-view-byte-offset': [ '1.0.1' ],
251 silly audit   debug: [ '3.2.7', '4.4.3' ],
251 silly audit   'define-data-property': [ '1.1.4' ],
251 silly audit   'define-properties': [ '1.2.1' ],
251 silly audit   'delayed-stream': [ '1.0.0' ],
251 silly audit   'dunder-proto': [ '1.0.1' ],
251 silly audit   'ecc-jsbn': [ '0.1.2' ],
251 silly audit   'end-of-stream': [ '1.4.5' ],
251 silly audit   'es-abstract': [ '1.24.2' ],
251 silly audit   'es-define-property': [ '1.0.1' ],
251 silly audit   'es-errors': [ '1.3.0' ],
251 silly audit   'es-object-atoms': [ '1.1.2' ],
251 silly audit   'es-set-tostringtag': [ '2.1.0' ],
251 silly audit   'es-shim-unscopables': [ '1.1.0' ],
251 silly audit   'es-to-primitive': [ '1.3.0' ],
251 silly audit   eventemitter3: [ '3.1.2' ],
251 silly audit   extend: [ '3.0.2' ],
251 silly audit   extsprintf: [ '1.3.0' ],
251 silly audit   'fast-deep-equal': [ '3.1.3' ],
251 silly audit   'fast-json-stable-stringify': [ '2.1.0' ],
251 silly audit   'file-type': [ '3.9.0' ],
251 silly audit   'for-each': [ '0.3.5' ],
251 silly audit   'forever-agent': [ '0.6.1' ],
251 silly audit   'form-data': [ '4.0.5', '2.3.3' ],
251 silly audit   'function-bind': [ '1.1.2' ],
251 silly audit   'function.prototype.name': [ '1.1.8' ],
251 silly audit   'functions-have-names': [ '1.2.3' ],
251 silly audit   'generator-function': [ '2.0.1' ],
251 silly audit   'get-intrinsic': [ '1.3.0' ],
251 silly audit   'get-proto': [ '1.0.1' ],
251 silly audit   'get-symbol-description': [ '1.1.0' ],
251 silly audit   getpass: [ '0.1.7' ],
251 silly audit   globalthis: [ '1.0.4' ],
251 silly audit   gopd: [ '1.2.0' ],
251 silly audit   'har-schema': [ '2.0.0' ],
251 silly audit   'har-validator': [ '5.1.5' ],
251 silly audit   'has-bigints': [ '1.1.0' ],
251 silly audit   'has-property-descriptors': [ '1.0.2' ],
251 silly audit   'has-proto': [ '1.2.0' ],
251 silly audit   'has-symbols': [ '1.1.0' ],
251 silly audit   'has-tostringtag': [ '1.0.2' ],
251 silly audit   hasown: [ '2.0.4' ],
251 silly audit   'http-signature': [ '1.4.0', '1.2.0' ],
251 silly audit   inherits: [ '2.0.4' ],
251 silly audit   'internal-slot': [ '1.1.0' ],
251 silly audit   'is-array-buffer': [ '3.0.5' ],
251 silly audit   'is-async-function': [ '2.1.1' ],
251 silly audit   'is-bigint': [ '1.1.0' ],
251 silly audit   'is-boolean-object': [ '1.2.2' ],
251 silly audit   'is-callable': [ '1.2.7' ],
251 silly audit   'is-data-view': [ '1.0.2' ],
251 silly audit   'is-date-object': [ '1.1.0' ],
251 silly audit   'is-finalizationregistry': [ '1.1.1' ],
251 silly audit   'is-generator-function': [ '1.1.2' ],
251 silly audit   'is-map': [ '2.0.3' ],
251 silly audit   'is-negative-zero': [ '2.0.3' ],
251 silly audit   'is-number-object': [ '1.1.1' ],
251 silly audit   'is-regex': [ '1.2.1' ],
251 silly audit   'is-set': [ '2.0.3' ],
251 silly audit   'is-shared-array-buffer': [ '1.0.4' ],
251 silly audit   'is-string': [ '1.1.1' ],
251 silly audit   'is-symbol': [ '1.1.1' ],
251 silly audit   'is-typed-array': [ '1.1.15' ],
251 silly audit   'is-typedarray': [ '1.0.0' ],
251 silly audit   'is-weakmap': [ '2.0.2' ],
251 silly audit   'is-weakref': [ '1.1.1' ],
251 silly audit   'is-weakset': [ '2.0.4' ],
251 silly audit   isarray: [ '1.0.0', '2.0.5' ],
251 silly audit   isstream: [ '0.1.2' ],
251 silly audit   jsbn: [ '0.1.1' ],
251 silly audit   'json-schema': [ '0.4.0' ],
251 silly audit   'json-schema-traverse': [ '0.4.1' ],
251 silly audit   'json-stringify-safe': [ '5.0.1' ],
251 silly audit   jsprim: [ '2.0.2', '1.4.2' ],
251 silly audit   lodash: [ '4.18.1' ],
251 silly audit   'math-intrinsics': [ '1.1.0' ],
251 silly audit   mime: [ '1.6.0' ],
251 silly audit   'mime-db': [ '1.52.0', '1.54.0' ],
251 silly audit   'mime-types': [ '2.1.35', '3.0.2' ],
251 silly audit   ms: [ '2.1.3' ],
251 silly audit   'oauth-sign': [ '0.9.0' ],
251 silly audit   'object-inspect': [ '1.13.4' ],
251 silly audit   'object-keys': [ '1.1.1' ],
251 silly audit   'object.assign': [ '4.1.7' ],
251 silly audit   once: [ '1.4.0' ],
251 silly audit   'own-keys': [ '1.0.1' ],
251 silly audit   'performance-now': [ '2.1.0' ],
251 silly audit   'possible-typed-array-names': [ '1.1.0' ],
251 silly audit   'process-nextick-args': [ '2.0.1' ],
251 silly audit   psl: [ '1.15.0' ],
251 silly audit   pump: [ '2.0.1' ],
251 silly audit   punycode: [ '2.3.1' ],
251 silly audit   qs: [ '6.14.2', '6.5.5' ],
251 silly audit   querystringify: [ '2.2.0' ],
251 silly audit   'readable-stream': [ '2.3.8' ],
251 silly audit   'safe-buffer': [ '5.1.2', '5.2.1' ],
251 silly audit   'reflect.getprototypeof': [ '1.0.10' ],
251 silly audit   'regexp.prototype.flags': [ '1.5.4' ],
251 silly audit   request: [ '2.88.2' ],
251 silly audit   'request-promise-core': [ '1.1.3' ],
251 silly audit   uuid: [ '3.4.0', '8.3.2' ],
251 silly audit   'requires-port': [ '1.0.0' ],
251 silly audit   'safe-array-concat': [ '1.1.4' ],
251 silly audit   'safe-push-apply': [ '1.0.0' ],
251 silly audit   'safe-regex-test': [ '1.1.0' ],
251 silly audit   'safer-buffer': [ '2.1.2' ],
251 silly audit   'set-function-length': [ '1.2.2' ],
251 silly audit   'set-function-name': [ '2.0.2' ],
251 silly audit   'set-proto': [ '1.0.0' ],
251 silly audit   'side-channel': [ '1.1.0' ],
251 silly audit   'side-channel-list': [ '1.0.1' ],
251 silly audit   'side-channel-map': [ '1.0.1' ],
251 silly audit   'side-channel-weakmap': [ '1.0.2' ],
251 silly audit   sshpk: [ '1.18.0' ],
251 silly audit   'stealthy-require': [ '1.1.1' ],
251 silly audit   'stop-iteration-iterator': [ '1.1.0' ],
251 silly audit   string_decoder: [ '1.1.1' ],
251 silly audit   'string.prototype.trim': [ '1.2.10' ],
251 silly audit   'string.prototype.trimend': [ '1.0.9' ],
251 silly audit   'string.prototype.trimstart': [ '1.0.8' ],
251 silly audit   tldts: [ '6.1.86' ],
251 silly audit   'tldts-core': [ '6.1.86' ],
251 silly audit   'tunnel-agent': [ '0.6.0' ],
251 silly audit   tweetnacl: [ '0.14.5' ],
251 silly audit   'typed-array-buffer': [ '1.0.3' ],
251 silly audit   'typed-array-byte-length': [ '1.0.3' ],
251 silly audit   'typed-array-byte-offset': [ '1.0.4' ],
251 silly audit   'typed-array-length': [ '1.0.8' ],
251 silly audit   'unbox-primitive': [ '1.1.0' ],
251 silly audit   universalify: [ '0.2.0' ],
251 silly audit   'uri-js': [ '4.4.1' ],
251 silly audit   'url-parse': [ '1.5.10' ],
251 silly audit   'util-deprecate': [ '1.0.2' ],
251 silly audit   verror: [ '1.10.0' ],
251 silly audit   'which-boxed-primitive': [ '1.1.1' ],
251 silly audit   'which-builtin-type': [ '1.2.1' ],
251 silly audit   'which-collection': [ '1.0.2' ],
251 silly audit   'which-typed-array': [ '1.1.21' ],
251 silly audit   wrappy: [ '1.0.2' ],
251 silly audit   dotenv: [ '17.4.2' ],
251 silly audit   express: [ '5.2.1' ],
251 silly audit   'node-telegram-bot-api': [ '0.67.0' ],
251 silly audit   accepts: [ '2.0.0' ],
251 silly audit   'body-parser': [ '2.2.2' ],
251 silly audit   'content-disposition': [ '1.1.0' ],
251 silly audit   'content-type': [ '1.0.5', '2.0.0' ],
251 silly audit   cookie: [ '0.7.2' ],
251 silly audit   'cookie-signature': [ '1.2.2' ],
251 silly audit   depd: [ '2.0.0' ],
251 silly audit   encodeurl: [ '2.0.0' ],
251 silly audit   'escape-html': [ '1.0.3' ],
251 silly audit   etag: [ '1.8.1' ],
251 silly audit   finalhandler: [ '2.1.1' ],
251 silly audit   fresh: [ '2.0.0' ],
251 silly audit   'http-errors': [ '2.0.1' ],
251 silly audit   'merge-descriptors': [ '2.0.0' ],
251 silly audit   'on-finished': [ '2.4.1' ],
251 silly audit   parseurl: [ '1.3.3' ],
251 silly audit   'proxy-addr': [ '2.0.7' ],
251 silly audit   'range-parser': [ '1.2.1' ],
251 silly audit   router: [ '2.2.0' ],
251 silly audit   send: [ '1.2.1' ],
251 silly audit   'serve-static': [ '2.2.1' ],
251 silly audit   statuses: [ '2.0.2' ],
251 silly audit   'type-is': [ '2.1.0' ],
251 silly audit   vary: [ '1.1.2' ],
251 silly audit   negotiator: [ '1.0.0' ],
251 silly audit   bytes: [ '3.1.2' ],
251 silly audit   'iconv-lite': [ '0.7.2' ],
251 silly audit   'raw-body': [ '3.0.2' ],
251 silly audit   setprototypeof: [ '1.2.0' ],
251 silly audit   toidentifier: [ '1.0.1' ],
251 silly audit   'ee-first': [ '1.1.1' ],
251 silly audit   forwarded: [ '0.2.0' ],
251 silly audit   'ipaddr.js': [ '1.9.1' ],
251 silly audit   unpipe: [ '1.0.0' ],
251 silly audit   'is-promise': [ '4.0.0' ],
251 silly audit   'path-to-regexp': [ '8.4.2' ],
251 silly audit   'media-typer': [ '1.1.0' ]
251 silly audit }
252 http cache media-typer@https://registry.npmjs.org/media-typer/-/media-typer-1.1.0.tgz 0ms (cache hit)
253 http cache path-to-regexp@https://registry.npmjs.org/path-to-regexp/-/path-to-regexp-8.4.2.tgz 0ms (cache hit)
254 http cache is-promise@https://registry.npmjs.org/is-promise/-/is-promise-4.0.0.tgz 0ms (cache hit)
255 http cache unpipe@https://registry.npmjs.org/unpipe/-/unpipe-1.0.0.tgz 0ms (cache hit)
256 http cache ipaddr.js@https://registry.npmjs.org/ipaddr.js/-/ipaddr.js-1.9.1.tgz 0ms (cache hit)
257 http cache forwarded@https://registry.npmjs.org/forwarded/-/forwarded-0.2.0.tgz 0ms (cache hit)
258 http cache ee-first@https://registry.npmjs.org/ee-first/-/ee-first-1.1.1.tgz 0ms (cache hit)
259 http cache toidentifier@https://registry.npmjs.org/toidentifier/-/toidentifier-1.0.1.tgz 0ms (cache hit)
260 http cache setprototypeof@https://registry.npmjs.org/setprototypeof/-/setprototypeof-1.2.0.tgz 0ms (cache hit)
261 http cache raw-body@https://registry.npmjs.org/raw-body/-/raw-body-3.0.2.tgz 0ms (cache hit)
262 http cache iconv-lite@https://registry.npmjs.org/iconv-lite/-/iconv-lite-0.7.2.tgz 0ms (cache hit)
263 http cache bytes@https://registry.npmjs.org/bytes/-/bytes-3.1.2.tgz 0ms (cache hit)
264 http cache negotiator@https://registry.npmjs.org/negotiator/-/negotiator-1.0.0.tgz 0ms (cache hit)
265 http cache vary@https://registry.npmjs.org/vary/-/vary-1.1.2.tgz 0ms (cache hit)
266 http cache type-is@https://registry.npmjs.org/type-is/-/type-is-2.1.0.tgz 0ms (cache hit)
267 http cache statuses@https://registry.npmjs.org/statuses/-/statuses-2.0.2.tgz 0ms (cache hit)
268 http cache serve-static@https://registry.npmjs.org/serve-static/-/serve-static-2.2.1.tgz 0ms (cache hit)
269 http cache send@https://registry.npmjs.org/send/-/send-1.2.1.tgz 1ms (cache hit)
270 http cache range-parser@https://registry.npmjs.org/range-parser/-/range-parser-1.2.1.tgz 0ms (cache hit)
271 http cache router@https://registry.npmjs.org/router/-/router-2.2.0.tgz 0ms (cache hit)
272 http cache parseurl@https://registry.npmjs.org/parseurl/-/parseurl-1.3.3.tgz 0ms (cache hit)
273 http cache proxy-addr@https://registry.npmjs.org/proxy-addr/-/proxy-addr-2.0.7.tgz 0ms (cache hit)
274 http cache on-finished@https://registry.npmjs.org/on-finished/-/on-finished-2.4.1.tgz 0ms (cache hit)
275 http cache merge-descriptors@https://registry.npmjs.org/merge-descriptors/-/merge-descriptors-2.0.0.tgz 0ms (cache hit)
276 http cache http-errors@https://registry.npmjs.org/http-errors/-/http-errors-2.0.1.tgz 0ms (cache hit)
277 http cache fresh@https://registry.npmjs.org/fresh/-/fresh-2.0.0.tgz 0ms (cache hit)
278 http cache finalhandler@https://registry.npmjs.org/finalhandler/-/finalhandler-2.1.1.tgz 0ms (cache hit)
279 http cache etag@https://registry.npmjs.org/etag/-/etag-1.8.1.tgz 0ms (cache hit)
280 http cache escape-html@https://registry.npmjs.org/escape-html/-/escape-html-1.0.3.tgz 0ms (cache hit)
281 http cache encodeurl@https://registry.npmjs.org/encodeurl/-/encodeurl-2.0.0.tgz 0ms (cache hit)
282 http cache depd@https://registry.npmjs.org/depd/-/depd-2.0.0.tgz 0ms (cache hit)
283 http cache cookie-signature@https://registry.npmjs.org/cookie-signature/-/cookie-signature-1.2.2.tgz 0ms (cache hit)
284 http cache cookie@https://registry.npmjs.org/cookie/-/cookie-0.7.2.tgz 0ms (cache hit)
285 http cache content-type@https://registry.npmjs.org/content-type/-/content-type-1.0.5.tgz 0ms (cache hit)
286 http cache content-disposition@https://registry.npmjs.org/content-disposition/-/content-disposition-1.1.0.tgz 0ms (cache hit)
287 http cache body-parser@https://registry.npmjs.org/body-parser/-/body-parser-2.2.2.tgz 0ms (cache hit)
288 http cache accepts@https://registry.npmjs.org/accepts/-/accepts-2.0.0.tgz 0ms (cache hit)
289 http cache express@https://registry.npmjs.org/express/-/express-5.2.1.tgz 0ms (cache hit)
290 http cache dotenv@https://registry.npmjs.org/dotenv/-/dotenv-17.4.2.tgz 0ms (cache hit)
291 http cache mime-db@https://registry.npmjs.org/mime-db/-/mime-db-1.54.0.tgz 0ms (cache hit)
292 http cache mime-types@https://registry.npmjs.org/mime-types/-/mime-types-3.0.2.tgz 0ms (cache hit)
293 http cache content-type@https://registry.npmjs.org/content-type/-/content-type-2.0.0.tgz 0ms (cache hit)
294 http cache mime-db@https://registry.npmjs.org/mime-db/-/mime-db-1.54.0.tgz 0ms (cache hit)
295 http cache mime-types@https://registry.npmjs.org/mime-types/-/mime-types-3.0.2.tgz 0ms (cache hit)
296 http cache debug@https://registry.npmjs.org/debug/-/debug-4.4.3.tgz 0ms (cache hit)
297 http cache debug@https://registry.npmjs.org/debug/-/debug-4.4.3.tgz 0ms (cache hit)
298 http cache debug@https://registry.npmjs.org/debug/-/debug-4.4.3.tgz 0ms (cache hit)
299 http cache debug@https://registry.npmjs.org/debug/-/debug-4.4.3.tgz 0ms (cache hit)
300 http cache mime-db@https://registry.npmjs.org/mime-db/-/mime-db-1.54.0.tgz 0ms (cache hit)
301 http cache mime-db@https://registry.npmjs.org/mime-db/-/mime-db-1.54.0.tgz 0ms (cache hit)
302 http cache mime-types@https://registry.npmjs.org/mime-types/-/mime-types-3.0.2.tgz 0ms (cache hit)
303 http cache mime-types@https://registry.npmjs.org/mime-types/-/mime-types-3.0.2.tgz 0ms (cache hit)
304 http cache debug@https://registry.npmjs.org/debug/-/debug-4.4.3.tgz 0ms (cache hit)
305 http fetch POST 200 https://registry.npmjs.org/-/npm/v1/security/advisories/bulk 1577ms
306 silly audit report {
306 silly audit report   'tough-cookie': [
306 silly audit report     {
306 silly audit report       id: 1097682,
306 silly audit report       url: 'https://github.com/advisories/GHSA-72xf-g2v4-qvf3',
306 silly audit report       title: 'tough-cookie Prototype Pollution vulnerability',
306 silly audit report       severity: 'moderate',
306 silly audit report       vulnerable_versions: '<4.1.3',
306 silly audit report       cwe: [Array],
306 silly audit report       cvss: [Object]
306 silly audit report     }
306 silly audit report   ],
306 silly audit report   'form-data': [
306 silly audit report     {
306 silly audit report       id: 1109540,
306 silly audit report       url: 'https://github.com/advisories/GHSA-fjxv-7rqg-78g4',
306 silly audit report       title: 'form-data uses unsafe random function in form-data for choosing boundary',
306 silly audit report       severity: 'critical',
306 silly audit report       vulnerable_versions: '<2.5.4',
306 silly audit report       cwe: [Array],
306 silly audit report       cvss: [Object]
306 silly audit report     }
306 silly audit report   ],
306 silly audit report   qs: [
306 silly audit report     {
306 silly audit report       id: 1119502,
306 silly audit report       url: 'https://github.com/advisories/GHSA-q8mj-m7cp-5q26',
306 silly audit report       title: 'qs has a remotely triggerable DoS: qs.stringify crashes with TypeError on null/undefined entries in comma-format arrays when encodeValuesOnly is set',
306 silly audit report       severity: 'moderate',
306 silly audit report       vulnerable_versions: '>=6.11.1 <=6.15.1',
306 silly audit report       cwe: [Array],
306 silly audit report       cvss: [Object]
306 silly audit report     },
306 silly audit report     {
306 silly audit report       id: 1113719,
306 silly audit report       url: 'https://github.com/advisories/GHSA-6rw7-vpxm-498p',
306 silly audit report       title: "qs's arrayLimit bypass in its bracket notation allows DoS via memory exhaustion",
306 silly audit report       severity: 'moderate',
306 silly audit report       vulnerable_versions: '<6.14.1',
306 silly audit report       cwe: [Array],
306 silly audit report       cvss: [Object]
306 silly audit report     }
306 silly audit report   ],
306 silly audit report   request: [
306 silly audit report     {
306 silly audit report       id: 1096727,
306 silly audit report       url: 'https://github.com/advisories/GHSA-p8p7-x288-28g6',
306 silly audit report       title: 'Server-Side Request Forgery in Request',
306 silly audit report       severity: 'moderate',
306 silly audit report       vulnerable_versions: '<=2.88.2',
306 silly audit report       cwe: [Array],
306 silly audit report       cvss: [Object]
306 silly audit report     }
306 silly audit report   ],
306 silly audit report   uuid: [
306 silly audit report     {
306 silly audit report       id: 1119441,
306 silly audit report       url: 'https://github.com/advisories/GHSA-w5hq-g745-h8pq',
306 silly audit report       title: 'uuid: Missing buffer bounds check in v3/v5/v6 when buf is provided',
306 silly audit report       severity: 'moderate',
306 silly audit report       vulnerable_versions: '<11.1.1',
306 silly audit report       cwe: [Array],
306 silly audit report       cvss: [Object]
306 silly audit report     }
306 silly audit report   ]
306 silly audit report }
307 silly packumentCache corgi:https://registry.npmjs.org/tough-cookie cache-miss
308 silly packumentCache corgi:https://registry.npmjs.org/form-data cache-miss
309 silly packumentCache corgi:https://registry.npmjs.org/qs cache-miss
310 silly packumentCache corgi:https://registry.npmjs.org/request cache-miss
311 silly packumentCache corgi:https://registry.npmjs.org/uuid cache-miss
312 http fetch GET 200 https://registry.npmjs.org/form-data 274ms (cache revalidated)
313 silly packumentCache corgi:https://registry.npmjs.org/form-data set size:51426 disposed:false
314 http fetch GET 200 https://registry.npmjs.org/qs 289ms (cache revalidated)
315 silly packumentCache corgi:https://registry.npmjs.org/qs set size:146581 disposed:false
316 http fetch GET 200 https://registry.npmjs.org/tough-cookie 308ms (cache revalidated)
317 silly packumentCache corgi:https://registry.npmjs.org/tough-cookie set size:56308 disposed:false
318 http fetch GET 200 https://registry.npmjs.org/request 323ms (cache revalidated)
319 silly packumentCache corgi:https://registry.npmjs.org/request set size:129997 disposed:false
320 http fetch GET 200 https://registry.npmjs.org/uuid 345ms (cache revalidated)
321 silly packumentCache corgi:https://registry.npmjs.org/uuid set size:81812 disposed:false
322 silly packumentCache corgi:https://registry.npmjs.org/@cypress%2frequest cache-miss
323 silly packumentCache corgi:https://registry.npmjs.org/express cache-miss
324 silly packumentCache corgi:https://registry.npmjs.org/body-parser cache-miss
325 http fetch GET 200 https://registry.npmjs.org/body-parser 351ms (cache revalidated)
326 silly packumentCache corgi:https://registry.npmjs.org/body-parser set size:78944 disposed:false
327 http fetch GET 200 https://registry.npmjs.org/express 393ms (cache revalidated)
328 silly packumentCache corgi:https://registry.npmjs.org/express set size:339376 disposed:false
329 http fetch GET 200 https://registry.npmjs.org/@cypress%2frequest 425ms (cache revalidated)
330 silly packumentCache corgi:https://registry.npmjs.org/@cypress%2frequest set size:43242 disposed:false
331 silly packumentCache corgi:https://registry.npmjs.org/request-promise-core cache-miss
332 http fetch GET 200 https://registry.npmjs.org/request-promise-core 654ms (cache revalidated)
333 silly packumentCache corgi:https://registry.npmjs.org/request-promise-core set size:6997 disposed:false
334 silly packumentCache corgi:https://registry.npmjs.org/@cypress%2frequest-promise cache-miss
335 silly packumentCache corgi:https://registry.npmjs.org/node-telegram-bot-api cache-miss
336 http fetch GET 200 https://registry.npmjs.org/node-telegram-bot-api 517ms (cache updated)
337 silly packumentCache corgi:https://registry.npmjs.org/node-telegram-bot-api set size:undefined disposed:false
338 http fetch GET 200 https://registry.npmjs.org/@cypress%2frequest-promise 627ms (cache revalidated)
339 silly packumentCache corgi:https://registry.npmjs.org/@cypress%2frequest-promise set size:4166 disposed:false
340 silly ADD node_modules/media-typer
341 silly ADD node_modules/path-to-regexp
342 silly ADD node_modules/is-promise
343 silly ADD node_modules/unpipe
344 silly ADD node_modules/ipaddr.js
345 silly ADD node_modules/forwarded
346 silly ADD node_modules/ee-first
347 silly ADD node_modules/toidentifier
348 silly ADD node_modules/setprototypeof
349 silly ADD node_modules/raw-body
350 silly ADD node_modules/iconv-lite
351 silly ADD node_modules/bytes
352 silly ADD node_modules/negotiator
353 silly ADD node_modules/vary
354 silly ADD node_modules/type-is
355 silly ADD node_modules/type-is/node_modules/mime-db
356 silly ADD node_modules/type-is/node_modules/mime-types
357 silly ADD node_modules/type-is/node_modules/content-type
358 silly ADD node_modules/statuses
359 silly ADD node_modules/serve-static
360 silly ADD node_modules/send
361 silly ADD node_modules/send/node_modules/mime-db
362 silly ADD node_modules/send/node_modules/mime-types
363 silly ADD node_modules/send/node_modules/debug
364 silly ADD node_modules/router
365 silly ADD node_modules/router/node_modules/debug
366 silly ADD node_modules/range-parser
367 silly ADD node_modules/proxy-addr
368 silly ADD node_modules/parseurl
369 silly ADD node_modules/on-finished
370 silly ADD node_modules/merge-descriptors
371 silly ADD node_modules/http-errors
372 silly ADD node_modules/fresh
373 silly ADD node_modules/finalhandler
374 silly ADD node_modules/finalhandler/node_modules/debug
375 silly ADD node_modules/etag
376 silly ADD node_modules/escape-html
377 silly ADD node_modules/encodeurl
378 silly ADD node_modules/depd
379 silly ADD node_modules/cookie-signature
380 silly ADD node_modules/cookie
381 silly ADD node_modules/content-type
382 silly ADD node_modules/content-disposition
383 silly ADD node_modules/body-parser
384 silly ADD node_modules/body-parser/node_modules/debug
385 silly ADD node_modules/accepts
386 silly ADD node_modules/accepts/node_modules/mime-db
387 silly ADD node_modules/accepts/node_modules/mime-types
388 silly ADD node_modules/express
389 silly ADD node_modules/express/node_modules/mime-db
390 silly ADD node_modules/express/node_modules/mime-types
391 silly ADD node_modules/express/node_modules/debug
392 silly ADD node_modules/dotenv
393 verbose cwd /data/data/com.termux/files/home
394 verbose os Linux 4.19.157-perf-g2f8c31a03b75
395 verbose node v26.2.0
396 verbose npm  v11.16.0
397 verbose exit 0
398 info ok
