0 verbose cli /data/data/com.termux/files/usr/bin/node /data/data/com.termux/files/usr/bin/npm
1 info using npm@11.16.0
2 info using node@v26.2.0
3 silly config load:file:/data/data/com.termux/files/usr/lib/node_modules/npm/npmrc
4 silly config load:file:/data/data/com.termux/files/home/berry-burger-bot/.npmrc
5 silly config load:file:/data/data/com.termux/files/home/.npmrc
6 silly config load:file:/data/data/com.termux/files/usr/etc/npmrc
7 verbose title npm install express axios body-parser
8 verbose argv "install" "express" "axios" "body-parser"
9 verbose logfile logs-max:10 dir:/data/data/com.termux/files/home/.npm/_logs/2026-06-03T14_45_51_098Z-
10 verbose logfile /data/data/com.termux/files/home/.npm/_logs/2026-06-03T14_45_51_098Z-debug-0.log
11 silly logfile start cleaning logs, removing 1 files
12 silly logfile done cleaning log files
13 silly packumentCache heap:1174405120 maxSize:293601280 maxEntrySize:146800640
14 silly idealTree buildDeps
15 silly fetch manifest express@*
16 silly packumentCache full:https://registry.npmjs.org/express cache-miss
17 http fetch GET 200 https://registry.npmjs.org/express 1375ms (cache revalidated)
18 silly packumentCache full:https://registry.npmjs.org/express set size:804947 disposed:false
19 silly fetch manifest axios@*
20 silly packumentCache full:https://registry.npmjs.org/axios cache-miss
21 http fetch GET 200 https://registry.npmjs.org/axios 389ms (cache miss)
22 silly packumentCache full:https://registry.npmjs.org/axios set size:undefined disposed:false
23 silly fetch manifest body-parser@*
24 silly packumentCache full:https://registry.npmjs.org/body-parser cache-miss
25 http fetch GET 200 https://registry.npmjs.org/body-parser 262ms (cache revalidated)
26 silly packumentCache full:https://registry.npmjs.org/body-parser set size:199299 disposed:false
27 silly placeDep ROOT axios@1.17.0 OK for: berry-burger-bot@1.0.0 want: *
28 silly placeDep ROOT body-parser@2.2.2 OK for: berry-burger-bot@1.0.0 want: *
29 silly placeDep ROOT express@5.2.1 OK for: berry-burger-bot@1.0.0 want: *
30 silly fetch manifest proxy-from-env@^2.1.0
31 silly packumentCache full:https://registry.npmjs.org/proxy-from-env cache-miss
32 silly fetch manifest follow-redirects@^1.16.0
33 silly packumentCache full:https://registry.npmjs.org/follow-redirects cache-miss
34 silly fetch manifest https-proxy-agent@^5.0.1
35 silly packumentCache full:https://registry.npmjs.org/https-proxy-agent cache-miss
36 silly fetch manifest bytes@^3.1.2
37 silly packumentCache full:https://registry.npmjs.org/bytes cache-miss
38 silly fetch manifest debug@^4.4.3
39 silly packumentCache full:https://registry.npmjs.org/debug cache-miss
40 silly fetch manifest type-is@^2.0.1
41 silly packumentCache full:https://registry.npmjs.org/type-is cache-miss
42 silly fetch manifest raw-body@^3.0.1
43 silly packumentCache full:https://registry.npmjs.org/raw-body cache-miss
44 http fetch GET 200 https://registry.npmjs.org/proxy-from-env 319ms (cache miss)
45 silly packumentCache full:https://registry.npmjs.org/proxy-from-env set size:undefined disposed:false
46 silly fetch manifest iconv-lite@^0.7.0
47 silly packumentCache full:https://registry.npmjs.org/iconv-lite cache-miss
48 http fetch GET 200 https://registry.npmjs.org/iconv-lite 301ms (cache revalidated)
49 silly packumentCache full:https://registry.npmjs.org/iconv-lite set size:120557 disposed:false
50 silly fetch manifest http-errors@^2.0.0
51 silly packumentCache full:https://registry.npmjs.org/http-errors cache-miss
52 http fetch GET 200 https://registry.npmjs.org/debug 855ms (cache revalidated)
53 silly packumentCache full:https://registry.npmjs.org/debug set size:195840 disposed:false
54 silly fetch manifest on-finished@^2.4.1
55 silly packumentCache full:https://registry.npmjs.org/on-finished cache-miss
56 http fetch GET 200 https://registry.npmjs.org/raw-body 882ms (cache revalidated)
57 silly packumentCache full:https://registry.npmjs.org/raw-body set size:117822 disposed:false
58 silly fetch manifest content-type@^1.0.5
59 silly packumentCache full:https://registry.npmjs.org/content-type cache-miss
60 http fetch GET 200 https://registry.npmjs.org/bytes 916ms (cache revalidated)
61 silly packumentCache full:https://registry.npmjs.org/bytes set size:37018 disposed:false
62 silly fetch manifest depd@^2.0.0
63 silly packumentCache full:https://registry.npmjs.org/depd cache-miss
64 http fetch GET 200 https://registry.npmjs.org/http-errors 317ms (cache revalidated)
65 silly packumentCache full:https://registry.npmjs.org/http-errors set size:71987 disposed:false
66 silly fetch manifest etag@^1.8.1
67 silly packumentCache full:https://registry.npmjs.org/etag cache-miss
68 http fetch GET 200 https://registry.npmjs.org/type-is 991ms (cache revalidated)
69 silly packumentCache full:https://registry.npmjs.org/type-is set size:88614 disposed:false
70 silly fetch manifest send@^1.1.0
71 silly packumentCache full:https://registry.npmjs.org/send cache-miss
72 http fetch GET 200 https://registry.npmjs.org/https-proxy-agent 1027ms (cache miss)
73 silly packumentCache full:https://registry.npmjs.org/https-proxy-agent set size:undefined disposed:false
74 silly fetch manifest vary@^1.1.2
75 silly packumentCache full:https://registry.npmjs.org/vary cache-miss
76 http fetch GET 200 https://registry.npmjs.org/follow-redirects 1119ms (cache miss)
77 silly packumentCache full:https://registry.npmjs.org/follow-redirects set size:undefined disposed:false
78 silly fetch manifest debug@^4.4.0
79 silly packumentCache full:https://registry.npmjs.org/debug cache-hit
80 silly fetch manifest fresh@^2.0.0
81 silly packumentCache full:https://registry.npmjs.org/fresh cache-miss
82 http fetch GET 200 https://registry.npmjs.org/on-finished 382ms (cache revalidated)
83 silly packumentCache full:https://registry.npmjs.org/on-finished set size:23212 disposed:false
84 silly fetch manifest cookie@^0.7.1
85 silly packumentCache full:https://registry.npmjs.org/cookie cache-miss
86 http fetch GET 200 https://registry.npmjs.org/content-type 371ms (cache revalidated)
87 silly packumentCache full:https://registry.npmjs.org/content-type set size:18994 disposed:false
88 silly fetch manifest router@^2.2.0
89 silly packumentCache full:https://registry.npmjs.org/router cache-miss
90 http fetch GET 200 https://registry.npmjs.org/depd 369ms (cache revalidated)
91 silly packumentCache full:https://registry.npmjs.org/depd set size:40182 disposed:false
92 silly fetch manifest accepts@^2.0.0
93 silly packumentCache full:https://registry.npmjs.org/accepts cache-miss
94 http fetch GET 200 https://registry.npmjs.org/send 329ms (cache revalidated)
95 silly packumentCache full:https://registry.npmjs.org/send set size:152810 disposed:false
96 silly fetch manifest parseurl@^1.3.3
97 silly packumentCache full:https://registry.npmjs.org/parseurl cache-miss
98 http fetch GET 200 https://registry.npmjs.org/etag 375ms (cache revalidated)
99 silly packumentCache full:https://registry.npmjs.org/etag set size:30032 disposed:false
100 silly fetch manifest statuses@^2.0.1
101 silly packumentCache full:https://registry.npmjs.org/statuses cache-miss
102 http fetch GET 200 https://registry.npmjs.org/vary 370ms (cache revalidated)
103 silly packumentCache full:https://registry.npmjs.org/vary set size:15994 disposed:false
104 silly fetch manifest encodeurl@^2.0.0
105 silly packumentCache full:https://registry.npmjs.org/encodeurl cache-miss
106 http fetch GET 200 https://registry.npmjs.org/fresh 276ms (cache revalidated)
107 silly packumentCache full:https://registry.npmjs.org/fresh set size:25427 disposed:false
108 silly fetch manifest mime-types@^3.0.0
109 silly packumentCache full:https://registry.npmjs.org/mime-types cache-miss
110 http fetch GET 200 https://registry.npmjs.org/cookie 252ms (cache revalidated)
111 silly packumentCache full:https://registry.npmjs.org/cookie set size:72891 disposed:false
112 silly fetch manifest proxy-addr@^2.0.7
113 silly packumentCache full:https://registry.npmjs.org/proxy-addr cache-miss
114 http fetch GET 200 https://registry.npmjs.org/router 299ms (cache revalidated)
115 silly packumentCache full:https://registry.npmjs.org/router set size:116499 disposed:false
116 silly fetch manifest escape-html@^1.0.3
117 silly packumentCache full:https://registry.npmjs.org/escape-html cache-miss
118 http fetch GET 200 https://registry.npmjs.org/accepts 317ms (cache revalidated)
119 silly packumentCache full:https://registry.npmjs.org/accepts set size:77054 disposed:false
120 silly fetch manifest finalhandler@^2.1.0
121 silly packumentCache full:https://registry.npmjs.org/finalhandler cache-miss
122 http fetch GET 200 https://registry.npmjs.org/parseurl 301ms (cache revalidated)
123 silly packumentCache full:https://registry.npmjs.org/parseurl set size:24148 disposed:false
124 silly fetch manifest range-parser@^1.2.1
125 silly packumentCache full:https://registry.npmjs.org/range-parser cache-miss
126 http fetch GET 200 https://registry.npmjs.org/encodeurl 277ms (cache revalidated)
127 silly packumentCache full:https://registry.npmjs.org/encodeurl set size:12296 disposed:false
128 silly fetch manifest serve-static@^2.2.0
129 silly packumentCache full:https://registry.npmjs.org/serve-static cache-miss
130 http fetch GET 200 https://registry.npmjs.org/statuses 347ms (cache revalidated)
131 silly packumentCache full:https://registry.npmjs.org/statuses set size:37117 disposed:false
132 silly fetch manifest cookie-signature@^1.2.1
133 silly packumentCache full:https://registry.npmjs.org/cookie-signature cache-miss
134 http fetch GET 200 https://registry.npmjs.org/mime-types 308ms (cache revalidated)
135 silly packumentCache full:https://registry.npmjs.org/mime-types set size:139110 disposed:false
136 silly fetch manifest merge-descriptors@^2.0.0
137 silly packumentCache full:https://registry.npmjs.org/merge-descriptors cache-miss
138 http fetch GET 200 https://registry.npmjs.org/proxy-addr 256ms (cache revalidated)
139 silly packumentCache full:https://registry.npmjs.org/proxy-addr set size:61619 disposed:false
140 silly fetch manifest content-disposition@^1.0.0
141 silly packumentCache full:https://registry.npmjs.org/content-disposition cache-miss
142 http fetch GET 200 https://registry.npmjs.org/escape-html 275ms (cache revalidated)
143 silly packumentCache full:https://registry.npmjs.org/escape-html set size:7345 disposed:false
144 http fetch GET 200 https://registry.npmjs.org/finalhandler 261ms (cache revalidated)
145 silly packumentCache full:https://registry.npmjs.org/finalhandler set size:79291 disposed:false
146 http fetch GET 200 https://registry.npmjs.org/serve-static 274ms (cache revalidated)
147 silly packumentCache full:https://registry.npmjs.org/serve-static set size:150391 disposed:false
148 http fetch GET 200 https://registry.npmjs.org/range-parser 324ms (cache revalidated)
149 silly packumentCache full:https://registry.npmjs.org/range-parser set size:22228 disposed:false
150 http fetch GET 200 https://registry.npmjs.org/cookie-signature 283ms (cache revalidated)
151 silly packumentCache full:https://registry.npmjs.org/cookie-signature set size:21777 disposed:false
152 http fetch GET 200 https://registry.npmjs.org/content-disposition 220ms (cache revalidated)
153 silly packumentCache full:https://registry.npmjs.org/content-disposition set size:42862 disposed:false
154 http fetch GET 200 https://registry.npmjs.org/merge-descriptors 288ms (cache revalidated)
155 silly packumentCache full:https://registry.npmjs.org/merge-descriptors set size:16527 disposed:false
156 silly placeDep ROOT follow-redirects@1.16.0 OK for: axios@1.17.0 want: ^1.16.0
157 silly placeDep ROOT https-proxy-agent@5.0.1 OK for: axios@1.17.0 want: ^5.0.1
158 silly placeDep ROOT proxy-from-env@2.1.0 OK for: axios@1.17.0 want: ^2.1.0
159 silly fetch manifest debug@4
160 silly packumentCache full:https://registry.npmjs.org/debug cache-hit
161 silly fetch manifest agent-base@6
162 silly packumentCache full:https://registry.npmjs.org/agent-base cache-miss
163 http fetch GET 200 https://registry.npmjs.org/agent-base 250ms (cache miss)
164 silly packumentCache full:https://registry.npmjs.org/agent-base set size:undefined disposed:false
165 silly placeDep ROOT bytes@3.1.2 OK for: body-parser@2.2.2 want: ^3.1.2
166 silly placeDep ROOT content-type@1.0.5 OK for: body-parser@2.2.2 want: ^1.0.5
167 silly placeDep node_modules/body-parser debug@4.4.3 OK for: body-parser@2.2.2 want: ^4.4.3
168 silly placeDep ROOT http-errors@2.0.1 OK for: body-parser@2.2.2 want: ^2.0.0
169 silly placeDep ROOT iconv-lite@0.7.2 OK for: body-parser@2.2.2 want: ^0.7.0
170 silly placeDep ROOT on-finished@2.4.1 OK for: body-parser@2.2.2 want: ^2.4.1
171 silly placeDep ROOT raw-body@3.0.2 OK for: body-parser@2.2.2 want: ^3.0.1
172 silly placeDep ROOT type-is@2.1.0 OK for: body-parser@2.2.2 want: ^2.0.1
173 silly fetch manifest depd@~2.0.0
174 silly packumentCache full:https://registry.npmjs.org/depd cache-hit
175 silly fetch manifest setprototypeof@~1.2.0
176 silly packumentCache full:https://registry.npmjs.org/setprototypeof cache-miss
177 silly fetch manifest statuses@~2.0.2
178 silly packumentCache full:https://registry.npmjs.org/statuses cache-hit
179 silly fetch manifest toidentifier@~1.0.1
180 silly packumentCache full:https://registry.npmjs.org/toidentifier cache-miss
181 silly fetch manifest ee-first@1.1.1
182 silly packumentCache full:https://registry.npmjs.org/ee-first cache-miss
183 silly fetch manifest unpipe@~1.0.0
184 silly packumentCache full:https://registry.npmjs.org/unpipe cache-miss
185 silly fetch manifest content-type@^2.0.0
186 silly packumentCache full:https://registry.npmjs.org/content-type cache-hit
187 silly fetch manifest media-typer@^1.1.0
188 silly packumentCache full:https://registry.npmjs.org/media-typer cache-miss
189 http fetch GET 200 https://registry.npmjs.org/setprototypeof 266ms (cache revalidated)
190 silly packumentCache full:https://registry.npmjs.org/setprototypeof set size:14532 disposed:false
191 http fetch GET 200 https://registry.npmjs.org/ee-first 272ms (cache revalidated)
192 silly packumentCache full:https://registry.npmjs.org/ee-first set size:15327 disposed:false
193 http fetch GET 200 https://registry.npmjs.org/unpipe 281ms (cache revalidated)
194 silly packumentCache full:https://registry.npmjs.org/unpipe set size:3609 disposed:false
195 http fetch GET 200 https://registry.npmjs.org/toidentifier 290ms (cache revalidated)
196 silly packumentCache full:https://registry.npmjs.org/toidentifier set size:12006 disposed:false
197 http fetch GET 200 https://registry.npmjs.org/media-typer 284ms (cache revalidated)
198 silly packumentCache full:https://registry.npmjs.org/media-typer set size:22678 disposed:false
199 silly placeDep ROOT accepts@2.0.0 OK for: express@5.2.1 want: ^2.0.0
200 silly placeDep ROOT content-disposition@1.1.0 OK for: express@5.2.1 want: ^1.0.0
201 silly placeDep ROOT cookie@0.7.2 OK for: express@5.2.1 want: ^0.7.1
202 silly placeDep ROOT cookie-signature@1.2.2 OK for: express@5.2.1 want: ^1.2.1
203 silly placeDep node_modules/express debug@4.4.3 OK for: express@5.2.1 want: ^4.4.0
204 silly placeDep ROOT depd@2.0.0 OK for: express@5.2.1 want: ^2.0.0
205 silly placeDep ROOT encodeurl@2.0.0 OK for: express@5.2.1 want: ^2.0.0
206 silly placeDep ROOT escape-html@1.0.3 OK for: express@5.2.1 want: ^1.0.3
207 silly placeDep ROOT etag@1.8.1 OK for: express@5.2.1 want: ^1.8.1
208 silly placeDep ROOT finalhandler@2.1.1 OK for: express@5.2.1 want: ^2.1.0
209 silly placeDep ROOT fresh@2.0.0 OK for: express@5.2.1 want: ^2.0.0
210 silly placeDep ROOT merge-descriptors@2.0.0 OK for: express@5.2.1 want: ^2.0.0
211 silly placeDep node_modules/express mime-types@3.0.2 OK for: express@5.2.1 want: ^3.0.0
212 silly placeDep ROOT parseurl@1.3.3 OK for: express@5.2.1 want: ^1.3.3
213 silly placeDep ROOT proxy-addr@2.0.7 OK for: express@5.2.1 want: ^2.0.7
214 silly placeDep ROOT range-parser@1.2.1 OK for: express@5.2.1 want: ^1.2.1
215 silly placeDep ROOT router@2.2.0 OK for: express@5.2.1 want: ^2.2.0
216 silly placeDep ROOT send@1.2.1 OK for: express@5.2.1 want: ^1.1.0
217 silly placeDep ROOT serve-static@2.2.1 OK for: express@5.2.1 want: ^2.2.0
218 silly placeDep ROOT statuses@2.0.2 OK for: express@5.2.1 want: ^2.0.1
219 silly placeDep ROOT vary@1.1.2 OK for: express@5.2.1 want: ^1.1.2
220 silly fetch manifest negotiator@^1.0.0
221 silly packumentCache full:https://registry.npmjs.org/negotiator cache-miss
222 silly fetch manifest mime-db@^1.54.0
223 silly packumentCache full:https://registry.npmjs.org/mime-db cache-miss
224 silly fetch manifest forwarded@0.2.0
225 silly packumentCache full:https://registry.npmjs.org/forwarded cache-miss
226 silly fetch manifest ipaddr.js@1.9.1
227 silly packumentCache full:https://registry.npmjs.org/ipaddr.js cache-miss
228 silly fetch manifest is-promise@^4.0.0
229 silly packumentCache full:https://registry.npmjs.org/is-promise cache-miss
230 silly fetch manifest path-to-regexp@^8.0.0
231 silly packumentCache full:https://registry.npmjs.org/path-to-regexp cache-miss
232 silly fetch manifest mime-types@^3.0.2
233 silly packumentCache full:https://registry.npmjs.org/mime-types cache-hit
234 silly fetch manifest statuses@^2.0.2
235 silly packumentCache full:https://registry.npmjs.org/statuses cache-hit
236 http fetch GET 200 https://registry.npmjs.org/mime-db 255ms (cache revalidated)
237 silly packumentCache full:https://registry.npmjs.org/mime-db set size:164953 disposed:false
238 http fetch GET 200 https://registry.npmjs.org/negotiator 301ms (cache revalidated)
239 silly packumentCache full:https://registry.npmjs.org/negotiator set size:48046 disposed:false
240 http fetch GET 200 https://registry.npmjs.org/is-promise 307ms (cache revalidated)
241 silly packumentCache full:https://registry.npmjs.org/is-promise set size:18599 disposed:false
242 http fetch GET 200 https://registry.npmjs.org/forwarded 325ms (cache revalidated)
243 silly packumentCache full:https://registry.npmjs.org/forwarded set size:11229 disposed:false
244 http fetch GET 200 https://registry.npmjs.org/ipaddr.js 325ms (cache revalidated)
245 silly packumentCache full:https://registry.npmjs.org/ipaddr.js set size:69563 disposed:false
246 http fetch GET 200 https://registry.npmjs.org/path-to-regexp 341ms (cache revalidated)
247 silly packumentCache full:https://registry.npmjs.org/path-to-regexp set size:216334 disposed:false
248 silly placeDep node_modules/accepts mime-types@3.0.2 OK for: accepts@2.0.0 want: ^3.0.0
249 silly placeDep ROOT negotiator@1.0.0 OK for: accepts@2.0.0 want: ^1.0.0
250 silly placeDep node_modules/finalhandler debug@4.4.3 OK for: finalhandler@2.1.1 want: ^4.4.0
251 silly placeDep ROOT setprototypeof@1.2.0 OK for: http-errors@2.0.1 want: ~1.2.0
252 silly placeDep ROOT toidentifier@1.0.1 OK for: http-errors@2.0.1 want: ~1.0.1
253 silly placeDep ROOT agent-base@6.0.2 OK for: https-proxy-agent@5.0.1 want: 6
254 silly placeDep node_modules/https-proxy-agent debug@4.4.3 OK for: https-proxy-agent@5.0.1 want: 4
255 silly placeDep node_modules/agent-base debug@4.4.3 OK for: agent-base@6.0.2 want: 4
256 silly placeDep ROOT ee-first@1.1.1 OK for: on-finished@2.4.1 want: 1.1.1
257 silly placeDep ROOT forwarded@0.2.0 OK for: proxy-addr@2.0.7 want: 0.2.0
258 silly placeDep ROOT ipaddr.js@1.9.1 OK for: proxy-addr@2.0.7 want: 1.9.1
259 silly placeDep ROOT unpipe@1.0.0 OK for: raw-body@3.0.2 want: ~1.0.0
260 silly placeDep node_modules/router debug@4.4.3 OK for: router@2.2.0 want: ^4.4.0
261 silly placeDep ROOT is-promise@4.0.0 OK for: router@2.2.0 want: ^4.0.0
262 silly placeDep ROOT path-to-regexp@8.4.2 OK for: router@2.2.0 want: ^8.0.0
263 silly placeDep node_modules/send debug@4.4.3 OK for: send@1.2.1 want: ^4.4.3
264 silly placeDep node_modules/send mime-types@3.0.2 OK for: send@1.2.1 want: ^3.0.2
265 silly placeDep node_modules/type-is content-type@2.0.0 OK for: type-is@2.1.0 want: ^2.0.0
266 silly placeDep ROOT media-typer@1.1.0 OK for: type-is@2.1.0 want: ^1.1.0
267 silly placeDep node_modules/type-is mime-types@3.0.2 OK for: type-is@2.1.0 want: ^3.0.0
268 silly placeDep node_modules/accepts mime-db@1.54.0 OK for: mime-types@3.0.2 want: ^1.54.0
269 silly placeDep node_modules/express mime-db@1.54.0 OK for: mime-types@3.0.2 want: ^1.54.0
270 silly placeDep node_modules/send mime-db@1.54.0 OK for: mime-types@3.0.2 want: ^1.54.0
271 silly placeDep node_modules/type-is mime-db@1.54.0 OK for: mime-types@3.0.2 want: ^1.54.0
272 silly reify moves {}
273 silly audit bulk request {
273 silly audit   '@cypress/request': [ '3.0.10' ],
273 silly audit   '@cypress/request-promise': [ '5.0.0' ],
273 silly audit   'tough-cookie': [ '4.1.4', '2.5.0', '5.1.2' ],
273 silly audit   ajv: [ '6.15.0' ],
273 silly audit   'array-buffer-byte-length': [ '1.0.2' ],
273 silly audit   'array.prototype.findindex': [ '2.2.4' ],
273 silly audit   'arraybuffer.prototype.slice': [ '1.0.4' ],
273 silly audit   asn1: [ '0.2.6' ],
273 silly audit   'assert-plus': [ '1.0.0' ],
273 silly audit   'async-function': [ '1.0.0' ],
273 silly audit   asynckit: [ '0.4.0' ],
273 silly audit   'available-typed-arrays': [ '1.0.7' ],
273 silly audit   'aws-sign2': [ '0.7.0' ],
273 silly audit   aws4: [ '1.13.2' ],
273 silly audit   'bcrypt-pbkdf': [ '1.0.2' ],
273 silly audit   bl: [ '1.2.3' ],
273 silly audit   bluebird: [ '3.7.2' ],
273 silly audit   'call-bind': [ '1.0.9' ],
273 silly audit   'call-bind-apply-helpers': [ '1.0.2' ],
273 silly audit   'call-bound': [ '1.0.4' ],
273 silly audit   caseless: [ '0.12.0' ],
273 silly audit   'combined-stream': [ '1.0.8' ],
273 silly audit   'core-util-is': [ '1.0.3', '1.0.2' ],
273 silly audit   dashdash: [ '1.14.1' ],
273 silly audit   'data-view-buffer': [ '1.0.2' ],
273 silly audit   'data-view-byte-length': [ '1.0.2' ],
273 silly audit   'data-view-byte-offset': [ '1.0.1' ],
273 silly audit   debug: [ '3.2.7', '4.4.3' ],
273 silly audit   'define-data-property': [ '1.1.4' ],
273 silly audit   'define-properties': [ '1.2.1' ],
273 silly audit   'delayed-stream': [ '1.0.0' ],
273 silly audit   dotenv: [ '17.4.2' ],
273 silly audit   'dunder-proto': [ '1.0.1' ],
273 silly audit   'ecc-jsbn': [ '0.1.2' ],
273 silly audit   'end-of-stream': [ '1.4.5' ],
273 silly audit   'es-abstract': [ '1.24.2' ],
273 silly audit   'es-define-property': [ '1.0.1' ],
273 silly audit   'es-errors': [ '1.3.0' ],
273 silly audit   'es-object-atoms': [ '1.1.2' ],
273 silly audit   'es-set-tostringtag': [ '2.1.0' ],
273 silly audit   'es-shim-unscopables': [ '1.1.0' ],
273 silly audit   'es-to-primitive': [ '1.3.0' ],
273 silly audit   eventemitter3: [ '3.1.2' ],
273 silly audit   extend: [ '3.0.2' ],
273 silly audit   extsprintf: [ '1.3.0' ],
273 silly audit   'fast-deep-equal': [ '3.1.3' ],
273 silly audit   'fast-json-stable-stringify': [ '2.1.0' ],
273 silly audit   'file-type': [ '3.9.0' ],
273 silly audit   'for-each': [ '0.3.5' ],
273 silly audit   'forever-agent': [ '0.6.1' ],
273 silly audit   'form-data': [ '4.0.5', '2.3.3' ],
273 silly audit   'function-bind': [ '1.1.2' ],
273 silly audit   'function.prototype.name': [ '1.1.8' ],
273 silly audit   'functions-have-names': [ '1.2.3' ],
273 silly audit   'generator-function': [ '2.0.1' ],
273 silly audit   'get-intrinsic': [ '1.3.0' ],
273 silly audit   'get-proto': [ '1.0.1' ],
273 silly audit   'get-symbol-description': [ '1.1.0' ],
273 silly audit   getpass: [ '0.1.7' ],
273 silly audit   globalthis: [ '1.0.4' ],
273 silly audit   gopd: [ '1.2.0' ],
273 silly audit   'har-schema': [ '2.0.0' ],
273 silly audit   'har-validator': [ '5.1.5' ],
273 silly audit   'has-bigints': [ '1.1.0' ],
273 silly audit   'has-property-descriptors': [ '1.0.2' ],
273 silly audit   'has-proto': [ '1.2.0' ],
273 silly audit   'has-symbols': [ '1.1.0' ],
273 silly audit   'has-tostringtag': [ '1.0.2' ],
273 silly audit   hasown: [ '2.0.4' ],
273 silly audit   'http-signature': [ '1.4.0', '1.2.0' ],
273 silly audit   inherits: [ '2.0.4' ],
273 silly audit   'internal-slot': [ '1.1.0' ],
273 silly audit   'is-array-buffer': [ '3.0.5' ],
273 silly audit   'is-async-function': [ '2.1.1' ],
273 silly audit   'is-bigint': [ '1.1.0' ],
273 silly audit   'is-boolean-object': [ '1.2.2' ],
273 silly audit   'is-callable': [ '1.2.7' ],
273 silly audit   'is-data-view': [ '1.0.2' ],
273 silly audit   'is-date-object': [ '1.1.0' ],
273 silly audit   'is-finalizationregistry': [ '1.1.1' ],
273 silly audit   'is-generator-function': [ '1.1.2' ],
273 silly audit   'is-map': [ '2.0.3' ],
273 silly audit   'is-negative-zero': [ '2.0.3' ],
273 silly audit   'is-number-object': [ '1.1.1' ],
273 silly audit   'is-regex': [ '1.2.1' ],
273 silly audit   'is-set': [ '2.0.3' ],
273 silly audit   'is-shared-array-buffer': [ '1.0.4' ],
273 silly audit   'is-string': [ '1.1.1' ],
273 silly audit   'is-symbol': [ '1.1.1' ],
273 silly audit   'is-typed-array': [ '1.1.15' ],
273 silly audit   'is-typedarray': [ '1.0.0' ],
273 silly audit   'is-weakmap': [ '2.0.2' ],
273 silly audit   'is-weakref': [ '1.1.1' ],
273 silly audit   'is-weakset': [ '2.0.4' ],
273 silly audit   isarray: [ '1.0.0', '2.0.5' ],
273 silly audit   isstream: [ '0.1.2' ],
273 silly audit   jsbn: [ '0.1.1' ],
273 silly audit   'json-schema': [ '0.4.0' ],
273 silly audit   'json-schema-traverse': [ '0.4.1' ],
273 silly audit   'json-stringify-safe': [ '5.0.1' ],
273 silly audit   jsprim: [ '2.0.2', '1.4.2' ],
273 silly audit   lodash: [ '4.18.1' ],
273 silly audit   lowdb: [ '7.0.1' ],
273 silly audit   'math-intrinsics': [ '1.1.0' ],
273 silly audit   mime: [ '1.6.0' ],
273 silly audit   'mime-db': [ '1.52.0', '1.54.0' ],
273 silly audit   'mime-types': [ '2.1.35', '3.0.2' ],
273 silly audit   ms: [ '2.1.3' ],
273 silly audit   'node-telegram-bot-api': [ '0.67.0' ],
273 silly audit   'oauth-sign': [ '0.9.0' ],
273 silly audit   'object-inspect': [ '1.13.4' ],
273 silly audit   'object-keys': [ '1.1.1' ],
273 silly audit   'object.assign': [ '4.1.7' ],
273 silly audit   once: [ '1.4.0' ],
273 silly audit   'own-keys': [ '1.0.1' ],
273 silly audit   'performance-now': [ '2.1.0' ],
273 silly audit   'possible-typed-array-names': [ '1.1.0' ],
273 silly audit   'process-nextick-args': [ '2.0.1' ],
273 silly audit   psl: [ '1.15.0' ],
273 silly audit   pump: [ '2.0.1' ],
273 silly audit   punycode: [ '2.3.1' ],
273 silly audit   qs: [ '6.14.2', '6.5.5' ],
273 silly audit   querystringify: [ '2.2.0' ],
273 silly audit   'readable-stream': [ '2.3.8' ],
273 silly audit   'safe-buffer': [ '5.1.2', '5.2.1' ],
273 silly audit   'reflect.getprototypeof': [ '1.0.10' ],
273 silly audit   'regexp.prototype.flags': [ '1.5.4' ],
273 silly audit   request: [ '2.88.2' ],
273 silly audit   'request-promise-core': [ '1.1.3' ],
273 silly audit   uuid: [ '3.4.0', '8.3.2' ],
273 silly audit   'requires-port': [ '1.0.0' ],
273 silly audit   'safe-array-concat': [ '1.1.4' ],
273 silly audit   'safe-push-apply': [ '1.0.0' ],
273 silly audit   'safe-regex-test': [ '1.1.0' ],
273 silly audit   'safer-buffer': [ '2.1.2' ],
273 silly audit   'set-function-length': [ '1.2.2' ],
273 silly audit   'set-function-name': [ '2.0.2' ],
273 silly audit   'set-proto': [ '1.0.0' ],
273 silly audit   'side-channel': [ '1.1.0' ],
273 silly audit   'side-channel-list': [ '1.0.1' ],
273 silly audit   'side-channel-map': [ '1.0.1' ],
273 silly audit   'side-channel-weakmap': [ '1.0.2' ],
273 silly audit   sshpk: [ '1.18.0' ],
273 silly audit   'stealthy-require': [ '1.1.1' ],
273 silly audit   steno: [ '4.0.2' ],
273 silly audit   'stop-iteration-iterator': [ '1.1.0' ],
273 silly audit   string_decoder: [ '1.1.1' ],
273 silly audit   'string.prototype.trim': [ '1.2.10' ],
273 silly audit   'string.prototype.trimend': [ '1.0.9' ],
273 silly audit   'string.prototype.trimstart': [ '1.0.8' ],
273 silly audit   tldts: [ '6.1.86' ],
273 silly audit   'tldts-core': [ '6.1.86' ],
273 silly audit   'tunnel-agent': [ '0.6.0' ],
273 silly audit   tweetnacl: [ '0.14.5' ],
273 silly audit   'typed-array-buffer': [ '1.0.3' ],
273 silly audit   'typed-array-byte-length': [ '1.0.3' ],
273 silly audit   'typed-array-byte-offset': [ '1.0.4' ],
273 silly audit   'typed-array-length': [ '1.0.8' ],
273 silly audit   'unbox-primitive': [ '1.1.0' ],
273 silly audit   universalify: [ '0.2.0' ],
273 silly audit   'uri-js': [ '4.4.1' ],
273 silly audit   'url-parse': [ '1.5.10' ],
273 silly audit   'util-deprecate': [ '1.0.2' ],
273 silly audit   verror: [ '1.10.0' ],
273 silly audit   'which-boxed-primitive': [ '1.1.1' ],
273 silly audit   'which-builtin-type': [ '1.2.1' ],
273 silly audit   'which-collection': [ '1.0.2' ],
273 silly audit   'which-typed-array': [ '1.1.21' ],
273 silly audit   wrappy: [ '1.0.2' ],
273 silly audit   axios: [ '1.17.0' ],
273 silly audit   'body-parser': [ '2.2.2' ],
273 silly audit   express: [ '5.2.1' ],
273 silly audit   'follow-redirects': [ '1.16.0' ],
273 silly audit   'https-proxy-agent': [ '5.0.1' ],
273 silly audit   'proxy-from-env': [ '2.1.0' ],
273 silly audit   bytes: [ '3.1.2' ],
273 silly audit   'content-type': [ '1.0.5', '2.0.0' ],
273 silly audit   'http-errors': [ '2.0.1' ],
273 silly audit   'iconv-lite': [ '0.7.2' ],
273 silly audit   'on-finished': [ '2.4.1' ],
273 silly audit   'raw-body': [ '3.0.2' ],
273 silly audit   'type-is': [ '2.1.0' ],
273 silly audit   accepts: [ '2.0.0' ],
273 silly audit   'content-disposition': [ '1.1.0' ],
273 silly audit   cookie: [ '0.7.2' ],
273 silly audit   'cookie-signature': [ '1.2.2' ],
273 silly audit   depd: [ '2.0.0' ],
273 silly audit   encodeurl: [ '2.0.0' ],
273 silly audit   'escape-html': [ '1.0.3' ],
273 silly audit   etag: [ '1.8.1' ],
273 silly audit   finalhandler: [ '2.1.1' ],
273 silly audit   fresh: [ '2.0.0' ],
273 silly audit   'merge-descriptors': [ '2.0.0' ],
273 silly audit   parseurl: [ '1.3.3' ],
273 silly audit   'proxy-addr': [ '2.0.7' ],
273 silly audit   'range-parser': [ '1.2.1' ],
273 silly audit   router: [ '2.2.0' ],
273 silly audit   send: [ '1.2.1' ],
273 silly audit   'serve-static': [ '2.2.1' ],
273 silly audit   statuses: [ '2.0.2' ],
273 silly audit   vary: [ '1.1.2' ],
273 silly audit   negotiator: [ '1.0.0' ],
273 silly audit   setprototypeof: [ '1.2.0' ],
273 silly audit   toidentifier: [ '1.0.1' ],
273 silly audit   'agent-base': [ '6.0.2' ],
273 silly audit   'ee-first': [ '1.1.1' ],
273 silly audit   forwarded: [ '0.2.0' ],
273 silly audit   'ipaddr.js': [ '1.9.1' ],
273 silly audit   unpipe: [ '1.0.0' ],
273 silly audit   'is-promise': [ '4.0.0' ],
273 silly audit   'path-to-regexp': [ '8.4.2' ],
273 silly audit   'media-typer': [ '1.1.0' ]
273 silly audit }
274 http cache media-typer@https://registry.npmjs.org/media-typer/-/media-typer-1.1.0.tgz 1ms (cache hit)
275 http cache path-to-regexp@https://registry.npmjs.org/path-to-regexp/-/path-to-regexp-8.4.2.tgz 0ms (cache hit)
276 http cache is-promise@https://registry.npmjs.org/is-promise/-/is-promise-4.0.0.tgz 0ms (cache hit)
277 http cache unpipe@https://registry.npmjs.org/unpipe/-/unpipe-1.0.0.tgz 0ms (cache hit)
278 http cache ipaddr.js@https://registry.npmjs.org/ipaddr.js/-/ipaddr.js-1.9.1.tgz 0ms (cache hit)
279 http cache forwarded@https://registry.npmjs.org/forwarded/-/forwarded-0.2.0.tgz 1ms (cache hit)
280 http cache ee-first@https://registry.npmjs.org/ee-first/-/ee-first-1.1.1.tgz 0ms (cache hit)
281 http cache agent-base@https://registry.npmjs.org/agent-base/-/agent-base-6.0.2.tgz 0ms (cache hit)
282 http cache toidentifier@https://registry.npmjs.org/toidentifier/-/toidentifier-1.0.1.tgz 0ms (cache hit)
283 http cache setprototypeof@https://registry.npmjs.org/setprototypeof/-/setprototypeof-1.2.0.tgz 0ms (cache hit)
284 http cache negotiator@https://registry.npmjs.org/negotiator/-/negotiator-1.0.0.tgz 0ms (cache hit)
285 http cache vary@https://registry.npmjs.org/vary/-/vary-1.1.2.tgz 0ms (cache hit)
286 http cache serve-static@https://registry.npmjs.org/serve-static/-/serve-static-2.2.1.tgz 0ms (cache hit)
287 http cache send@https://registry.npmjs.org/send/-/send-1.2.1.tgz 0ms (cache hit)
288 http cache router@https://registry.npmjs.org/router/-/router-2.2.0.tgz 0ms (cache hit)
289 http cache range-parser@https://registry.npmjs.org/range-parser/-/range-parser-1.2.1.tgz 0ms (cache hit)
290 http cache parseurl@https://registry.npmjs.org/parseurl/-/parseurl-1.3.3.tgz 0ms (cache hit)
291 http cache statuses@https://registry.npmjs.org/statuses/-/statuses-2.0.2.tgz 0ms (cache hit)
292 http cache proxy-addr@https://registry.npmjs.org/proxy-addr/-/proxy-addr-2.0.7.tgz 1ms (cache hit)
293 http cache merge-descriptors@https://registry.npmjs.org/merge-descriptors/-/merge-descriptors-2.0.0.tgz 0ms (cache hit)
294 http cache fresh@https://registry.npmjs.org/fresh/-/fresh-2.0.0.tgz 0ms (cache hit)
295 http cache finalhandler@https://registry.npmjs.org/finalhandler/-/finalhandler-2.1.1.tgz 0ms (cache hit)
296 http cache encodeurl@https://registry.npmjs.org/encodeurl/-/encodeurl-2.0.0.tgz 0ms (cache hit)
297 http cache etag@https://registry.npmjs.org/etag/-/etag-1.8.1.tgz 0ms (cache hit)
298 http cache depd@https://registry.npmjs.org/depd/-/depd-2.0.0.tgz 0ms (cache hit)
299 http cache escape-html@https://registry.npmjs.org/escape-html/-/escape-html-1.0.3.tgz 0ms (cache hit)
300 http cache cookie-signature@https://registry.npmjs.org/cookie-signature/-/cookie-signature-1.2.2.tgz 0ms (cache hit)
301 http cache cookie@https://registry.npmjs.org/cookie/-/cookie-0.7.2.tgz 0ms (cache hit)
302 http cache accepts@https://registry.npmjs.org/accepts/-/accepts-2.0.0.tgz 0ms (cache hit)
303 http cache content-disposition@https://registry.npmjs.org/content-disposition/-/content-disposition-1.1.0.tgz 1ms (cache hit)
304 http cache type-is@https://registry.npmjs.org/type-is/-/type-is-2.1.0.tgz 0ms (cache hit)
305 http cache on-finished@https://registry.npmjs.org/on-finished/-/on-finished-2.4.1.tgz 0ms (cache hit)
306 http cache raw-body@https://registry.npmjs.org/raw-body/-/raw-body-3.0.2.tgz 0ms (cache hit)
307 http cache http-errors@https://registry.npmjs.org/http-errors/-/http-errors-2.0.1.tgz 0ms (cache hit)
308 http cache iconv-lite@https://registry.npmjs.org/iconv-lite/-/iconv-lite-0.7.2.tgz 0ms (cache hit)
309 http cache content-type@https://registry.npmjs.org/content-type/-/content-type-1.0.5.tgz 0ms (cache hit)
310 http cache proxy-from-env@https://registry.npmjs.org/proxy-from-env/-/proxy-from-env-2.1.0.tgz 0ms (cache hit)
311 http cache bytes@https://registry.npmjs.org/bytes/-/bytes-3.1.2.tgz 0ms (cache hit)
312 http cache https-proxy-agent@https://registry.npmjs.org/https-proxy-agent/-/https-proxy-agent-5.0.1.tgz 0ms (cache hit)
313 http cache follow-redirects@https://registry.npmjs.org/follow-redirects/-/follow-redirects-1.16.0.tgz 0ms (cache hit)
314 http cache express@https://registry.npmjs.org/express/-/express-5.2.1.tgz 0ms (cache hit)
315 http cache axios@https://registry.npmjs.org/axios/-/axios-1.17.0.tgz 0ms (cache hit)
316 http cache body-parser@https://registry.npmjs.org/body-parser/-/body-parser-2.2.2.tgz 1ms (cache hit)
317 http cache mime-db@https://registry.npmjs.org/mime-db/-/mime-db-1.54.0.tgz 0ms (cache hit)
318 http cache mime-types@https://registry.npmjs.org/mime-types/-/mime-types-3.0.2.tgz 1ms (cache hit)
319 http cache debug@https://registry.npmjs.org/debug/-/debug-4.4.3.tgz 0ms (cache hit)
320 http cache debug@https://registry.npmjs.org/debug/-/debug-4.4.3.tgz 0ms (cache hit)
321 http cache debug@https://registry.npmjs.org/debug/-/debug-4.4.3.tgz 0ms (cache hit)
322 http cache debug@https://registry.npmjs.org/debug/-/debug-4.4.3.tgz 0ms (cache hit)
323 http cache mime-db@https://registry.npmjs.org/mime-db/-/mime-db-1.54.0.tgz 0ms (cache hit)
324 http cache mime-types@https://registry.npmjs.org/mime-types/-/mime-types-3.0.2.tgz 0ms (cache hit)
325 http cache mime-types@https://registry.npmjs.org/mime-types/-/mime-types-3.0.2.tgz 0ms (cache hit)
326 http cache mime-db@https://registry.npmjs.org/mime-db/-/mime-db-1.54.0.tgz 0ms (cache hit)
327 http cache content-type@https://registry.npmjs.org/content-type/-/content-type-2.0.0.tgz 0ms (cache hit)
328 http cache debug@https://registry.npmjs.org/debug/-/debug-4.4.3.tgz 0ms (cache hit)
329 http cache mime-db@https://registry.npmjs.org/mime-db/-/mime-db-1.54.0.tgz 0ms (cache hit)
330 http cache mime-types@https://registry.npmjs.org/mime-types/-/mime-types-3.0.2.tgz 0ms (cache hit)
331 http cache debug@https://registry.npmjs.org/debug/-/debug-4.4.3.tgz 0ms (cache hit)
332 http cache debug@https://registry.npmjs.org/debug/-/debug-4.4.3.tgz 0ms (cache hit)
333 silly tarball no local data for agent-base@https://registry.npmjs.org/agent-base/-/agent-base-6.0.2.tgz. Extracting by manifest.
334 silly tarball no local data for proxy-from-env@https://registry.npmjs.org/proxy-from-env/-/proxy-from-env-2.1.0.tgz. Extracting by manifest.
335 silly tarball no local data for https-proxy-agent@https://registry.npmjs.org/https-proxy-agent/-/https-proxy-agent-5.0.1.tgz. Extracting by manifest.
336 silly tarball no local data for follow-redirects@https://registry.npmjs.org/follow-redirects/-/follow-redirects-1.16.0.tgz. Extracting by manifest.
337 silly tarball no local data for axios@https://registry.npmjs.org/axios/-/axios-1.17.0.tgz. Extracting by manifest.
338 http fetch POST 200 https://registry.npmjs.org/-/npm/v1/security/advisories/bulk 907ms
339 silly audit report {
339 silly audit report   'tough-cookie': [
339 silly audit report     {
339 silly audit report       id: 1097682,
339 silly audit report       url: 'https://github.com/advisories/GHSA-72xf-g2v4-qvf3',
339 silly audit report       title: 'tough-cookie Prototype Pollution vulnerability',
339 silly audit report       severity: 'moderate',
339 silly audit report       vulnerable_versions: '<4.1.3',
339 silly audit report       cwe: [Array],
339 silly audit report       cvss: [Object]
339 silly audit report     }
339 silly audit report   ],
339 silly audit report   'form-data': [
339 silly audit report     {
339 silly audit report       id: 1109540,
339 silly audit report       url: 'https://github.com/advisories/GHSA-fjxv-7rqg-78g4',
339 silly audit report       title: 'form-data uses unsafe random function in form-data for choosing boundary',
339 silly audit report       severity: 'critical',
339 silly audit report       vulnerable_versions: '<2.5.4',
339 silly audit report       cwe: [Array],
339 silly audit report       cvss: [Object]
339 silly audit report     }
339 silly audit report   ],
339 silly audit report   qs: [
339 silly audit report     {
339 silly audit report       id: 1119502,
339 silly audit report       url: 'https://github.com/advisories/GHSA-q8mj-m7cp-5q26',
339 silly audit report       title: 'qs has a remotely triggerable DoS: qs.stringify crashes with TypeError on null/undefined entries in comma-format arrays when encodeValuesOnly is set',
339 silly audit report       severity: 'moderate',
339 silly audit report       vulnerable_versions: '>=6.11.1 <=6.15.1',
339 silly audit report       cwe: [Array],
339 silly audit report       cvss: [Object]
339 silly audit report     },
339 silly audit report     {
339 silly audit report       id: 1113719,
339 silly audit report       url: 'https://github.com/advisories/GHSA-6rw7-vpxm-498p',
339 silly audit report       title: "qs's arrayLimit bypass in its bracket notation allows DoS via memory exhaustion",
339 silly audit report       severity: 'moderate',
339 silly audit report       vulnerable_versions: '<6.14.1',
339 silly audit report       cwe: [Array],
339 silly audit report       cvss: [Object]
339 silly audit report     }
339 silly audit report   ],
339 silly audit report   request: [
339 silly audit report     {
339 silly audit report       id: 1096727,
339 silly audit report       url: 'https://github.com/advisories/GHSA-p8p7-x288-28g6',
339 silly audit report       title: 'Server-Side Request Forgery in Request',
339 silly audit report       severity: 'moderate',
339 silly audit report       vulnerable_versions: '<=2.88.2',
339 silly audit report       cwe: [Array],
339 silly audit report       cvss: [Object]
339 silly audit report     }
339 silly audit report   ],
339 silly audit report   uuid: [
339 silly audit report     {
339 silly audit report       id: 1119441,
339 silly audit report       url: 'https://github.com/advisories/GHSA-w5hq-g745-h8pq',
339 silly audit report       title: 'uuid: Missing buffer bounds check in v3/v5/v6 when buf is provided',
339 silly audit report       severity: 'moderate',
339 silly audit report       vulnerable_versions: '<11.1.1',
339 silly audit report       cwe: [Array],
339 silly audit report       cvss: [Object]
339 silly audit report     }
339 silly audit report   ]
339 silly audit report }
340 silly packumentCache corgi:https://registry.npmjs.org/tough-cookie cache-miss
341 silly packumentCache corgi:https://registry.npmjs.org/form-data cache-miss
342 silly packumentCache corgi:https://registry.npmjs.org/qs cache-miss
343 silly packumentCache corgi:https://registry.npmjs.org/request cache-miss
344 silly packumentCache corgi:https://registry.npmjs.org/uuid cache-miss
345 http fetch GET 200 https://registry.npmjs.org/proxy-from-env/-/proxy-from-env-2.1.0.tgz 882ms (cache miss)
346 http fetch GET 200 https://registry.npmjs.org/follow-redirects/-/follow-redirects-1.16.0.tgz 902ms (cache miss)
347 http fetch GET 200 https://registry.npmjs.org/agent-base/-/agent-base-6.0.2.tgz 941ms (cache miss)
348 http fetch GET 200 https://registry.npmjs.org/https-proxy-agent/-/https-proxy-agent-5.0.1.tgz 926ms (cache miss)
349 http fetch GET 200 https://registry.npmjs.org/qs 577ms (cache revalidated)
350 silly packumentCache corgi:https://registry.npmjs.org/qs set size:146581 disposed:false
351 http fetch GET 200 https://registry.npmjs.org/tough-cookie 607ms (cache revalidated)
352 silly packumentCache corgi:https://registry.npmjs.org/tough-cookie set size:56308 disposed:false
353 http fetch GET 200 https://registry.npmjs.org/request 630ms (cache revalidated)
354 silly packumentCache corgi:https://registry.npmjs.org/request set size:129997 disposed:false
355 http fetch GET 200 https://registry.npmjs.org/uuid 651ms (cache revalidated)
356 silly packumentCache corgi:https://registry.npmjs.org/uuid set size:81812 disposed:false
357 http fetch GET 200 https://registry.npmjs.org/form-data 673ms (cache revalidated)
358 silly packumentCache corgi:https://registry.npmjs.org/form-data set size:51426 disposed:false
359 silly packumentCache corgi:https://registry.npmjs.org/@cypress%2frequest cache-miss
360 silly packumentCache corgi:https://registry.npmjs.org/body-parser cache-miss
361 silly packumentCache corgi:https://registry.npmjs.org/express cache-miss
362 http fetch GET 200 https://registry.npmjs.org/axios/-/axios-1.17.0.tgz 1339ms (cache miss)
363 http fetch GET 200 https://registry.npmjs.org/express 1423ms (cache revalidated)
364 silly packumentCache corgi:https://registry.npmjs.org/express set size:339376 disposed:false
365 http fetch GET 200 https://registry.npmjs.org/body-parser 1463ms (cache revalidated)
366 silly packumentCache corgi:https://registry.npmjs.org/body-parser set size:78944 disposed:false
367 http fetch GET 200 https://registry.npmjs.org/@cypress%2frequest 1485ms (cache revalidated)
368 silly packumentCache corgi:https://registry.npmjs.org/@cypress%2frequest set size:43242 disposed:false
369 silly packumentCache corgi:https://registry.npmjs.org/request-promise-core cache-miss
370 http fetch GET 200 https://registry.npmjs.org/request-promise-core 234ms (cache revalidated)
371 silly packumentCache corgi:https://registry.npmjs.org/request-promise-core set size:6997 disposed:false
372 silly packumentCache corgi:https://registry.npmjs.org/@cypress%2frequest-promise cache-miss
373 silly packumentCache corgi:https://registry.npmjs.org/node-telegram-bot-api cache-miss
374 http fetch GET 200 https://registry.npmjs.org/@cypress%2frequest-promise 253ms (cache revalidated)
375 silly packumentCache corgi:https://registry.npmjs.org/@cypress%2frequest-promise set size:4166 disposed:false
376 http fetch GET 200 https://registry.npmjs.org/node-telegram-bot-api 375ms (cache revalidated)
377 silly packumentCache corgi:https://registry.npmjs.org/node-telegram-bot-api set size:90673 disposed:false
378 silly ADD node_modules/media-typer
379 silly ADD node_modules/path-to-regexp
380 silly ADD node_modules/is-promise
381 silly ADD node_modules/unpipe
382 silly ADD node_modules/ipaddr.js
383 silly ADD node_modules/forwarded
384 silly ADD node_modules/ee-first
385 silly ADD node_modules/agent-base
386 silly ADD node_modules/agent-base/node_modules/debug
387 silly ADD node_modules/toidentifier
388 silly ADD node_modules/setprototypeof
389 silly ADD node_modules/negotiator
390 silly ADD node_modules/vary
391 silly ADD node_modules/statuses
392 silly ADD node_modules/serve-static
393 silly ADD node_modules/send
394 silly ADD node_modules/send/node_modules/mime-db
395 silly ADD node_modules/send/node_modules/mime-types
396 silly ADD node_modules/send/node_modules/debug
397 silly ADD node_modules/router
398 silly ADD node_modules/router/node_modules/debug
399 silly ADD node_modules/range-parser
400 silly ADD node_modules/proxy-addr
401 silly ADD node_modules/parseurl
402 silly ADD node_modules/merge-descriptors
403 silly ADD node_modules/fresh
404 silly ADD node_modules/finalhandler
405 silly ADD node_modules/finalhandler/node_modules/debug
406 silly ADD node_modules/etag
407 silly ADD node_modules/escape-html
408 silly ADD node_modules/encodeurl
409 silly ADD node_modules/depd
410 silly ADD node_modules/cookie-signature
411 silly ADD node_modules/cookie
412 silly ADD node_modules/content-disposition
413 silly ADD node_modules/accepts
414 silly ADD node_modules/accepts/node_modules/mime-db
415 silly ADD node_modules/accepts/node_modules/mime-types
416 silly ADD node_modules/type-is
417 silly ADD node_modules/type-is/node_modules/mime-db
418 silly ADD node_modules/type-is/node_modules/mime-types
419 silly ADD node_modules/type-is/node_modules/content-type
420 silly ADD node_modules/raw-body
421 silly ADD node_modules/on-finished
422 silly ADD node_modules/iconv-lite
423 silly ADD node_modules/http-errors
424 silly ADD node_modules/content-type
425 silly ADD node_modules/bytes
426 silly ADD node_modules/proxy-from-env
427 silly ADD node_modules/https-proxy-agent
428 silly ADD node_modules/https-proxy-agent/node_modules/debug
429 silly ADD node_modules/follow-redirects
430 silly ADD node_modules/express
431 silly ADD node_modules/express/node_modules/mime-db
432 silly ADD node_modules/express/node_modules/mime-types
433 silly ADD node_modules/express/node_modules/debug
434 silly ADD node_modules/body-parser
435 silly ADD node_modules/body-parser/node_modules/debug
436 silly ADD node_modules/axios
437 verbose cwd /data/data/com.termux/files/home/berry-burger-bot
438 verbose os Linux 4.19.157-perf-g2f8c31a03b75
439 verbose node v26.2.0
440 verbose npm  v11.16.0
441 verbose exit 0
442 info ok
